#
# A fatal error has been detected by the Java Runtime Environment:
#
#  EXCEPTION_ACCESS_VIOLATION (0xc0000005) at pc=0x00000000598a2251, pid=2384, tid=10284
#
# JRE version: Java(TM) SE Runtime Environment (8.0_05-b13) (build 1.8.0_05-b13)
# Java VM: Java HotSpot(TM) 64-Bit Server VM (25.5-b02 mixed mode windows-amd64 compressed oops)
# Problematic frame:
# V  [jvm.dll+0x452251]
#
# Failed to write core dump. Minidumps are not enabled by default on client versions of Windows
#
# If you would like to submit a bug report, please visit:
#   http://bugreport.sun.com/bugreport/crash.jsp
#

---------------  T H R E A D  ---------------

Current thread (0x0000000056584800):  JavaThread "C2 CompilerThread1" daemon [_thread_in_native, id=10284, stack(0x0000000057d70000,0x0000000057e70000)]

siginfo: ExceptionCode=0xc0000005, reading address 0xffffffffffffffff

Registers:
RAX=0x0000000061380050, RBX=0x0000000058c0b470, RCX=0x00000000002fb264, RDX=0x000000000000001f
RSP=0x0000000057e6bd30, RBP=0x0000000056896f38, RSI=0x0000000000000000, RDI=0x100000005a4d5bb0
R8 =0x0000000000000090, R9 =0xffffffffa743eed0, R10=0x0000000000000000, R11=0x0000000000000002
R12=0x0000000000000000, R13=0x0000000058d1ced0, R14=0x0000000000000032, R15=0x0000000057e6be90
RIP=0x00000000598a2251, EFLAGS=0x0000000000010246

Top of Stack: (sp=0x0000000057e6bd30)
0x0000000057e6bd30:   0000000058c0b470 0000000000000001
0x0000000057e6bd40:   000000005a420b20 0000000000000000
0x0000000057e6bd50:   0000000000000170 0000000000000000
0x0000000057e6bd60:   000000000000005e 00000000598a45a5
0x0000000057e6bd70:   0000000000000003 000000000000179e
0x0000000057e6bd80:   0000000057e6be30 0000000058d1ced0
0x0000000057e6bd90:   0000000000ba4caa 0000000003bf035e
0x0000000057e6bda0:   000000005a422801 00000000598a3fda
0x0000000057e6bdb0:   0000000000000000 0000000000000000
0x0000000057e6bdc0:   0000000000000000 0000000057e6ec60
0x0000000057e6bdd0:   000000005a7a1238 000000005c700710
0x0000000057e6bde0:   0000000058d1ced0 000000005c700710
0x0000000057e6bdf0:   0000000057e6bf00 00000000598a4f2c
0x0000000057e6be00:   0000000000000000 0000000057e6bed0
0x0000000057e6be10:   0000000057e6be30 0000000057e6be90
0x0000000057e6be20:   0000000057e6beb0 0000000000000001 

Instructions: (pc=0x00000000598a2251)
0x00000000598a2231:   ff eb 09 b0 01 eb ac e8 43 cb ff ff 0f b6 f0 40
0x00000000598a2241:   84 f6 0f 84 11 02 00 00 41 ff c6 e9 09 02 00 00
0x00000000598a2251:   80 7f 40 04 0f 85 96 00 00 00 49 3b 5d 50 0f 84
0x00000000598a2261:   f5 01 00 00 49 3b 5d 48 75 11 0f b6 47 41 a8 02 


Register to memory mapping:

RAX=0x0000000061380050 is an unknown value
RBX=0x0000000058c0b470 is an unknown value
RCX=0x00000000002fb264 is an unknown value
RDX=0x000000000000001f is an unknown value
RSP=0x0000000057e6bd30 is pointing into the stack for thread: 0x0000000056584800
RBP=0x0000000056896f38 is an unknown value
RSI=0x0000000000000000 is an unknown value
RDI=0x100000005a4d5bb0 is an unknown value
R8 =0x0000000000000090 is an unknown value
R9 =0xffffffffa743eed0 is an unknown value
R10=0x0000000000000000 is an unknown value
R11=0x0000000000000002 is an unknown value
R12=0x0000000000000000 is an unknown value
R13=0x0000000058d1ced0 is an unknown value
R14=0x0000000000000032 is an unknown value
R15=0x0000000057e6be90 is pointing into the stack for thread: 0x0000000056584800


Stack: [0x0000000057d70000,0x0000000057e70000],  sp=0x0000000057e6bd30,  free space=1007k
Native frames: (J=compiled Java code, j=interpreted, Vv=VM code, C=native code)
V  [jvm.dll+0x452251]
V  [jvm.dll+0x4545a5]
V  [jvm.dll+0x454f2c]
V  [jvm.dll+0x455273]
V  [jvm.dll+0x4420c3]
V  [jvm.dll+0x44366b]
V  [jvm.dll+0x427532]
V  [jvm.dll+0x96702]
V  [jvm.dll+0x96ef3]
V  [jvm.dll+0x2232c4]
V  [jvm.dll+0x27baca]
C  [msvcr100.dll+0x21d9f]
C  [msvcr100.dll+0x21e3b]
C  [kernel32.dll+0x159ed]
C  [ntdll.dll+0x2c541]


Current CompileTask:
C2:  34987 1967   !   4       com.android.dx.cf.code.Ropper::processBlock (1101 bytes)


---------------  P R O C E S S  ---------------

Java Threads: ( => current thread )
  0x00000000565fd000 JavaThread "Service Thread" daemon [_thread_blocked, id=9448, stack(0x0000000058100000,0x0000000058200000)]
  0x0000000056594000 JavaThread "C1 CompilerThread3" daemon [_thread_blocked, id=4236, stack(0x0000000057760000,0x0000000057860000)]
  0x000000005658c000 JavaThread "C2 CompilerThread2" daemon [_thread_blocked, id=9340, stack(0x0000000057f40000,0x0000000058040000)]
=>0x0000000056584800 JavaThread "C2 CompilerThread1" daemon [_thread_in_native, id=10284, stack(0x0000000057d70000,0x0000000057e70000)]
  0x000000005657e000 JavaThread "C2 CompilerThread0" daemon [_thread_blocked, id=10264, stack(0x0000000057c20000,0x0000000057d20000)]
  0x000000005657d000 JavaThread "Attach Listener" daemon [_thread_blocked, id=10260, stack(0x0000000057990000,0x0000000057a90000)]
  0x000000005657a800 JavaThread "Signal Dispatcher" daemon [_thread_blocked, id=4632, stack(0x0000000057b10000,0x0000000057c10000)]
  0x00000000021af000 JavaThread "Finalizer" daemon [_thread_blocked, id=10492, stack(0x0000000057880000,0x0000000057980000)]
  0x00000000553b3800 JavaThread "Reference Handler" daemon [_thread_blocked, id=5316, stack(0x0000000057640000,0x0000000057740000)]

Other Threads:
  0x0000000056533000 VMThread [stack: 0x0000000057540000,0x0000000057640000] [id=7264]

VM state:at safepoint (normal execution)

VM Mutex/Monitor currently owned by a thread:  ([mutex/lock_event])
[0x00000000020ac9b0] Threads_lock - owner thread: 0x0000000056533000
[0x00000000020aceb0] Heap_lock - owner thread: 0x00000000020ae800

Heap:
 PSYoungGen      total 89088K, used 38097K [0x00000000eab00000, 0x00000000f0f00000, 0x0000000100000000)
  eden space 77312K, 39% used [0x00000000eab00000,0x00000000ec8a63c0,0x00000000ef680000)
  from space 11776K, 65% used [0x00000000f0280000,0x00000000f0a0e400,0x00000000f0e00000)
  to   space 12288K, 0% used [0x00000000ef680000,0x00000000ef680000,0x00000000f0280000)
 ParOldGen       total 64000K, used 36643K [0x00000000c0000000, 0x00000000c3e80000, 0x00000000eab00000)
  object space 64000K, 57% used [0x00000000c0000000,0x00000000c23c8ec0,0x00000000c3e80000)
 Metaspace       used 6701K, capacity 7448K, committed 7680K, reserved 1056768K
  class space    used 666K, capacity 720K, committed 768K, reserved 1048576K

Card table byte_map: [0x0000000011b20000,0x0000000011d30000] byte_map_base: 0x0000000011520000

Marking Bits: (ParMarkBitMap*) 0x0000000059c013b0
 Begin Bits: [0x00000000127d0000, 0x00000000137d0000)
 End Bits:   [0x00000000137d0000, 0x00000000147d0000)

Polling page: 0x0000000001c60000

CodeCache: size=245760Kb used=11695Kb max_used=11704Kb free=234065Kb
 bounds [0x0000000002760000, 0x00000000032e0000, 0x0000000011760000]
 total_blobs=2868 nmethods=2594 adapters=187
 compilation: enabled

Compilation events (10 events):
Event: 26.580 Thread 0x0000000056594000 2709       3       java.util.zip.Deflater::deflate (9 bytes)
Event: 26.580 Thread 0x0000000056594000 nmethod 2709 0x00000000032ce610 code [0x00000000032ce780, 0x00000000032ce928]
Event: 26.586 Thread 0x0000000056594000 2710       3       java.util.zip.Deflater::needsInput (13 bytes)
Event: 26.586 Thread 0x0000000056594000 nmethod 2710 0x00000000032ce290 code [0x00000000032ce3e0, 0x00000000032ce590]
Event: 26.599 Thread 0x0000000056594000 2712   !   3       java.util.zip.Deflater::deflate (140 bytes)
Event: 26.599 Thread 0x0000000056594000 nmethod 2712 0x00000000032cd150 code [0x00000000032cd320, 0x00000000032cdac8]
Event: 26.609 Thread 0x0000000056594000 2713       3       java.util.zip.ZipOutputStream::writeInt (69 bytes)
Event: 26.609 Thread 0x0000000056594000 nmethod 2713 0x00000000032caed0 code [0x00000000032cb060, 0x00000000032cb538]
Event: 26.610 Thread 0x0000000056594000 2714       3       java.util.zip.ZipOutputStream::writeShort (41 bytes)
Event: 26.610 Thread 0x0000000056594000 nmethod 2714 0x00000000032ccb10 code [0x00000000032ccc80, 0x00000000032ccf98]

GC Heap History (10 events):
Event: 18.822 GC heap before
{Heap before GC invocations=14 (full 0):
 PSYoungGen      total 25088K, used 25072K [0x00000000eab00000, 0x00000000ed700000, 0x0000000100000000)
  eden space 21504K, 100% used [0x00000000eab00000,0x00000000ec000000,0x00000000ec000000)
  from space 3584K, 99% used [0x00000000ec000000,0x00000000ec37c010,0x00000000ec380000)
  to   space 5120K, 0% used [0x00000000ed200000,0x00000000ed200000,0x00000000ed700000)
 ParOldGen       total 64000K, used 10614K [0x00000000c0000000, 0x00000000c3e80000, 0x00000000eab00000)
  object space 64000K, 16% used [0x00000000c0000000,0x00000000c0a5dbf0,0x00000000c3e80000)
 Metaspace       used 5895K, capacity 6962K, committed 7040K, reserved 1056768K
  class space    used 604K, capacity 618K, committed 640K, reserved 1048576K
Event: 19.385 GC heap after
Heap after GC invocations=14 (full 0):
 PSYoungGen      total 39936K, used 3136K [0x00000000eab00000, 0x00000000ed700000, 0x0000000100000000)
  eden space 34816K, 0% used [0x00000000eab00000,0x00000000eab00000,0x00000000ecd00000)
  from space 5120K, 61% used [0x00000000ed200000,0x00000000ed510000,0x00000000ed700000)
  to   space 5120K, 0% used [0x00000000ecd00000,0x00000000ecd00000,0x00000000ed200000)
 ParOldGen       total 64000K, used 14083K [0x00000000c0000000, 0x00000000c3e80000, 0x00000000eab00000)
  object space 64000K, 22% used [0x00000000c0000000,0x00000000c0dc0eb8,0x00000000c3e80000)
 Metaspace       used 5895K, capacity 6962K, committed 7040K, reserved 1056768K
  class space    used 604K, capacity 618K, committed 640K, reserved 1048576K
}
Event: 20.810 GC heap before
{Heap before GC invocations=15 (full 0):
 PSYoungGen      total 39936K, used 37952K [0x00000000eab00000, 0x00000000ed700000, 0x0000000100000000)
  eden space 34816K, 100% used [0x00000000eab00000,0x00000000ecd00000,0x00000000ecd00000)
  from space 5120K, 61% used [0x00000000ed200000,0x00000000ed510000,0x00000000ed700000)
  to   space 5120K, 0% used [0x00000000ecd00000,0x00000000ecd00000,0x00000000ed200000)
 ParOldGen       total 64000K, used 14083K [0x00000000c0000000, 0x00000000c3e80000, 0x00000000eab00000)
  object space 64000K, 22% used [0x00000000c0000000,0x00000000c0dc0eb8,0x00000000c3e80000)
 Metaspace       used 5914K, capacity 6962K, committed 7040K, reserved 1056768K
  class space    used 604K, capacity 618K, committed 640K, reserved 1048576K
Event: 21.324 GC heap after
Heap after GC invocations=15 (full 0):
 PSYoungGen      total 39936K, used 5088K [0x00000000eab00000, 0x00000000ef080000, 0x0000000100000000)
  eden space 34816K, 0% used [0x00000000eab00000,0x00000000eab00000,0x00000000ecd00000)
  from space 5120K, 99% used [0x00000000ecd00000,0x00000000ed1f8010,0x00000000ed200000)
  to   space 7680K, 0% used [0x00000000ee900000,0x00000000ee900000,0x00000000ef080000)
 ParOldGen       total 64000K, used 17639K [0x00000000c0000000, 0x00000000c3e80000, 0x00000000eab00000)
  object space 64000K, 27% used [0x00000000c0000000,0x00000000c1139f80,0x00000000c3e80000)
 Metaspace       used 5914K, capacity 6962K, committed 7040K, reserved 1056768K
  class space    used 604K, capacity 618K, committed 640K, reserved 1048576K
}
Event: 22.205 GC heap before
{Heap before GC invocations=16 (full 0):
 PSYoungGen      total 39936K, used 39904K [0x00000000eab00000, 0x00000000ef080000, 0x0000000100000000)
  eden space 34816K, 100% used [0x00000000eab00000,0x00000000ecd00000,0x00000000ecd00000)
  from space 5120K, 99% used [0x00000000ecd00000,0x00000000ed1f8010,0x00000000ed200000)
  to   space 7680K, 0% used [0x00000000ee900000,0x00000000ee900000,0x00000000ef080000)
 ParOldGen       total 64000K, used 17639K [0x00000000c0000000, 0x00000000c3e80000, 0x00000000eab00000)
  object space 64000K, 27% used [0x00000000c0000000,0x00000000c1139f80,0x00000000c3e80000)
 Metaspace       used 5931K, capacity 6962K, committed 7040K, reserved 1056768K
  class space    used 605K, capacity 618K, committed 640K, reserved 1048576K
Event: 23.039 GC heap after
Heap after GC invocations=16 (full 0):
 PSYoungGen      total 62976K, used 5821K [0x00000000eab00000, 0x00000000ef180000, 0x0000000100000000)
  eden space 55296K, 0% used [0x00000000eab00000,0x00000000eab00000,0x00000000ee100000)
  from space 7680K, 75% used [0x00000000ee900000,0x00000000eeeaf560,0x00000000ef080000)
  to   space 8192K, 0% used [0x00000000ee100000,0x00000000ee100000,0x00000000ee900000)
 ParOldGen       total 64000K, used 22425K [0x00000000c0000000, 0x00000000c3e80000, 0x00000000eab00000)
  object space 64000K, 35% used [0x00000000c0000000,0x00000000c15e6570,0x00000000c3e80000)
 Metaspace       used 5931K, capacity 6962K, committed 7040K, reserved 1056768K
  class space    used 605K, capacity 618K, committed 640K, reserved 1048576K
}
Event: 23.367 GC heap before
{Heap before GC invocations=17 (full 0):
 PSYoungGen      total 62976K, used 61117K [0x00000000eab00000, 0x00000000ef180000, 0x0000000100000000)
  eden space 55296K, 100% used [0x00000000eab00000,0x00000000ee100000,0x00000000ee100000)
  from space 7680K, 75% used [0x00000000ee900000,0x00000000eeeaf560,0x00000000ef080000)
  to   space 8192K, 0% used [0x00000000ee100000,0x00000000ee100000,0x00000000ee900000)
 ParOldGen       total 64000K, used 22425K [0x00000000c0000000, 0x00000000c3e80000, 0x00000000eab00000)
  object space 64000K, 35% used [0x00000000c0000000,0x00000000c15e6570,0x00000000c3e80000)
 Metaspace       used 5938K, capacity 6962K, committed 7040K, reserved 1056768K
  class space    used 605K, capacity 618K, committed 640K, reserved 1048576K
Event: 23.461 GC heap after
Heap after GC invocations=17 (full 0):
 PSYoungGen      total 63488K, used 8188K [0x00000000eab00000, 0x00000000f0e00000, 0x0000000100000000)
  eden space 55296K, 0% used [0x00000000eab00000,0x00000000eab00000,0x00000000ee100000)
  from space 8192K, 99% used [0x00000000ee100000,0x00000000ee8ff2d8,0x00000000ee900000)
  to   space 11776K, 0% used [0x00000000f0280000,0x00000000f0280000,0x00000000f0e00000)
 ParOldGen       total 64000K, used 28470K [0x00000000c0000000, 0x00000000c3e80000, 0x00000000eab00000)
  object space 64000K, 44% used [0x00000000c0000000,0x00000000c1bcdaf8,0x00000000c3e80000)
 Metaspace       used 5938K, capacity 6962K, committed 7040K, reserved 1056768K
  class space    used 605K, capacity 618K, committed 640K, reserved 1048576K
}
Event: 23.722 GC heap before
{Heap before GC invocations=18 (full 0):
 PSYoungGen      total 63488K, used 63484K [0x00000000eab00000, 0x00000000f0e00000, 0x0000000100000000)
  eden space 55296K, 100% used [0x00000000eab00000,0x00000000ee100000,0x00000000ee100000)
  from space 8192K, 99% used [0x00000000ee100000,0x00000000ee8ff2d8,0x00000000ee900000)
  to   space 11776K, 0% used [0x00000000f0280000,0x00000000f0280000,0x00000000f0e00000)
 ParOldGen       total 64000K, used 28470K [0x00000000c0000000, 0x00000000c3e80000, 0x00000000eab00000)
  object space 64000K, 44% used [0x00000000c0000000,0x00000000c1bcdaf8,0x00000000c3e80000)
 Metaspace       used 5963K, capacity 6962K, committed 7040K, reserved 1056768K
  class space    used 605K, capacity 618K, committed 640K, reserved 1048576K
Event: 24.113 GC heap after
Heap after GC invocations=18 (full 0):
 PSYoungGen      total 89088K, used 7737K [0x00000000eab00000, 0x00000000f0f00000, 0x0000000100000000)
  eden space 77312K, 0% used [0x00000000eab00000,0x00000000eab00000,0x00000000ef680000)
  from space 11776K, 65% used [0x00000000f0280000,0x00000000f0a0e400,0x00000000f0e00000)
  to   space 12288K, 0% used [0x00000000ef680000,0x00000000ef680000,0x00000000f0280000)
 ParOldGen       total 64000K, used 36643K [0x00000000c0000000, 0x00000000c3e80000, 0x00000000eab00000)
  object space 64000K, 57% used [0x00000000c0000000,0x00000000c23c8ec0,0x00000000c3e80000)
 Metaspace       used 5963K, capacity 6962K, committed 7040K, reserved 1056768K
  class space    used 605K, capacity 618K, committed 640K, reserved 1048576K
}

Deoptimization events (10 events):
Event: 25.109 Thread 0x00000000020ae800 Uncommon trap: reason=class_check action=maybe_recompile pc=0x0000000002a9e018 method=com.android.dx.util.FixedSizeList.equals(Ljava/lang/Object;)Z @ 25
Event: 25.138 Thread 0x00000000020ae800 Uncommon trap: reason=class_check action=maybe_recompile pc=0x0000000002a9e018 method=com.android.dx.util.FixedSizeList.equals(Ljava/lang/Object;)Z @ 25
Event: 25.138 Thread 0x00000000020ae800 Uncommon trap: reason=class_check action=maybe_recompile pc=0x0000000002a9e018 method=com.android.dx.util.FixedSizeList.equals(Ljava/lang/Object;)Z @ 25
Event: 25.138 Thread 0x00000000020ae800 Uncommon trap: reason=class_check action=maybe_recompile pc=0x0000000002a9e018 method=com.android.dx.util.FixedSizeList.equals(Ljava/lang/Object;)Z @ 25
Event: 26.434 Thread 0x00000000020ae800 Uncommon trap: reason=unreached action=reinterpret pc=0x0000000002a54f24 method=java.util.Arrays.copyOf([Ljava/lang/Object;ILjava/lang/Class;)[Ljava/lang/Object; @ 3
Event: 26.436 Thread 0x00000000020ae800 Uncommon trap: reason=class_check action=maybe_recompile pc=0x00000000030bdb0c method=java.util.HashMap.putVal(ILjava/lang/Object;Ljava/lang/Object;ZZ)Ljava/lang/Object; @ 56
Event: 26.436 Thread 0x00000000020ae800 Uncommon trap: reason=class_check action=maybe_recompile pc=0x00000000030bdb5c method=java.util.HashMap.putVal(ILjava/lang/Object;Ljava/lang/Object;ZZ)Ljava/lang/Object; @ 152
Event: 26.436 Thread 0x00000000020ae800 Uncommon trap: reason=class_check action=maybe_recompile pc=0x00000000030bdb0c method=java.util.HashMap.putVal(ILjava/lang/Object;Ljava/lang/Object;ZZ)Ljava/lang/Object; @ 56
Event: 26.436 Thread 0x00000000020ae800 Uncommon trap: reason=class_check action=maybe_recompile pc=0x00000000030bdb0c method=java.util.HashMap.putVal(ILjava/lang/Object;Ljava/lang/Object;ZZ)Ljava/lang/Object; @ 56
Event: 26.436 Thread 0x00000000020ae800 Uncommon trap: reason=class_check action=maybe_recompile pc=0x00000000030e44fc method=java.util.HashMap.putVal(ILjava/lang/Object;Ljava/lang/Object;ZZ)Ljava/lang/Object; @ 56

Internal exceptions (10 events):
Event: 25.109 Thread 0x00000000020ae800 Exception <a 'java/security/PrivilegedActionException'> (0x00000000eb8c61d0) thrown at [D:\re\workspace\8-2-build-windows-amd64-cygwin\jdk8u5\2488\hotspot\src\share\vm\prims\jvm.cpp, line 1248]
Event: 25.110 Thread 0x00000000020ae800 Exception <a 'java/security/PrivilegedActionException'> (0x00000000eb8c9468) thrown at [D:\re\workspace\8-2-build-windows-amd64-cygwin\jdk8u5\2488\hotspot\src\share\vm\prims\jvm.cpp, line 1248]
Event: 25.115 Thread 0x00000000020ae800 Exception <a 'java/security/PrivilegedActionException'> (0x00000000eb8d9fa0) thrown at [D:\re\workspace\8-2-build-windows-amd64-cygwin\jdk8u5\2488\hotspot\src\share\vm\prims\jvm.cpp, line 1248]
Event: 26.106 Thread 0x00000000020ae800 Exception <a 'java/security/PrivilegedActionException'> (0x00000000ec1d0ca0) thrown at [D:\re\workspace\8-2-build-windows-amd64-cygwin\jdk8u5\2488\hotspot\src\share\vm\prims\jvm.cpp, line 1248]
Event: 26.108 Thread 0x00000000020ae800 Exception <a 'java/security/PrivilegedActionException'> (0x00000000ec1dcad0) thrown at [D:\re\workspace\8-2-build-windows-amd64-cygwin\jdk8u5\2488\hotspot\src\share\vm\prims\jvm.cpp, line 1248]
Event: 26.109 Thread 0x00000000020ae800 Exception <a 'java/security/PrivilegedActionException'> (0x00000000ec1df8a0) thrown at [D:\re\workspace\8-2-build-windows-amd64-cygwin\jdk8u5\2488\hotspot\src\share\vm\prims\jvm.cpp, line 1248]
Event: 26.176 Thread 0x00000000020ae800 Exception <a 'java/security/PrivilegedActionException'> (0x00000000ec6818a8) thrown at [D:\re\workspace\8-2-build-windows-amd64-cygwin\jdk8u5\2488\hotspot\src\share\vm\prims\jvm.cpp, line 1248]
Event: 26.193 Thread 0x00000000020ae800 Exception <a 'java/security/PrivilegedActionException'> (0x00000000ec745e80) thrown at [D:\re\workspace\8-2-build-windows-amd64-cygwin\jdk8u5\2488\hotspot\src\share\vm\prims\jvm.cpp, line 1248]
Event: 26.204 Thread 0x00000000020ae800 Exception <a 'java/security/PrivilegedActionException'> (0x00000000ec74bb78) thrown at [D:\re\workspace\8-2-build-windows-amd64-cygwin\jdk8u5\2488\hotspot\src\share\vm\prims\jvm.cpp, line 1248]
Event: 26.415 Thread 0x00000000020ae800 Exception <a 'java/security/PrivilegedActionException'> (0x00000000ec7525f8) thrown at [D:\re\workspace\8-2-build-windows-amd64-cygwin\jdk8u5\2488\hotspot\src\share\vm\prims\jvm.cpp, line 1248]

Events (10 events):
Event: 26.607 loading class java/util/Vector$Itr done
Event: 26.611 loading class java/io/FileOutputStream$1
Event: 26.611 loading class java/io/FileOutputStream$1 done
Event: 26.611 Thread 0x00000000020ae800 Thread exited: 0x00000000020ae800
Event: 26.611 Thread 0x00000000020ae800 Thread added: 0x00000000020ae800
Event: 26.611 loading class java/lang/Shutdown
Event: 26.611 loading class java/lang/Shutdown done
Event: 26.612 loading class java/lang/Shutdown$Lock
Event: 26.612 loading class java/lang/Shutdown$Lock done
Event: 26.612 Thread 0x00000000020ae800 Thread exited: 0x00000000020ae800


Dynamic libraries:
0x000000013fd50000 - 0x000000013fd84000 	C:\Program Files\Java\jdk1.8.0_05\bin\java.exe
0x00000000774a0000 - 0x0000000077649000 	C:\Windows\SYSTEM32\ntdll.dll
0x0000000077380000 - 0x000000007749f000 	C:\Windows\system32\kernel32.dll
0x000007fefd2b0000 - 0x000007fefd31c000 	C:\Windows\system32\KERNELBASE.dll
0x000007fefe760000 - 0x000007fefe83b000 	C:\Windows\system32\ADVAPI32.dll
0x000007feff3b0000 - 0x000007feff44f000 	C:\Windows\system32\msvcrt.dll
0x000007fefecc0000 - 0x000007fefecdf000 	C:\Windows\SYSTEM32\sechost.dll
0x000007fefee50000 - 0x000007fefef7d000 	C:\Windows\system32\RPCRT4.dll
0x0000000077280000 - 0x000000007737a000 	C:\Windows\system32\USER32.dll
0x000007feff000000 - 0x000007feff067000 	C:\Windows\system32\GDI32.dll
0x000007fefd620000 - 0x000007fefd62e000 	C:\Windows\system32\LPK.dll
0x000007fefed80000 - 0x000007fefee49000 	C:\Windows\system32\USP10.dll
0x000007fefbe10000 - 0x000007fefc004000 	C:\Windows\WinSxS\amd64_microsoft.windows.common-controls_6595b64144ccf1df_6.0.7601.17514_none_fa396087175ac9ac\COMCTL32.dll
0x000007fefef80000 - 0x000007fefeff1000 	C:\Windows\system32\SHLWAPI.dll
0x000007fefe730000 - 0x000007fefe75e000 	C:\Windows\system32\IMM32.DLL
0x000007fefebb0000 - 0x000007fefecb9000 	C:\Windows\system32\MSCTF.dll
0x000000005b860000 - 0x000000005b932000 	C:\Program Files\Java\jdk1.8.0_05\jre\bin\msvcr100.dll
0x0000000059450000 - 0x0000000059c7a000 	C:\Program Files\Java\jdk1.8.0_05\jre\bin\server\jvm.dll
0x000007feece50000 - 0x000007feece59000 	C:\Windows\system32\WSOCK32.dll
0x000007feff360000 - 0x000007feff3ad000 	C:\Windows\system32\WS2_32.dll
0x000007feff7a0000 - 0x000007feff7a8000 	C:\Windows\system32\NSI.dll
0x000007fefb250000 - 0x000007fefb28b000 	C:\Windows\system32\WINMM.dll
0x0000000077670000 - 0x0000000077677000 	C:\Windows\system32\PSAPI.DLL
0x0000000074a90000 - 0x0000000074a9f000 	C:\Program Files\Java\jdk1.8.0_05\jre\bin\verify.dll
0x000000005d360000 - 0x000000005d388000 	C:\Program Files\Java\jdk1.8.0_05\jre\bin\java.dll
0x0000000074a70000 - 0x0000000074a86000 	C:\Program Files\Java\jdk1.8.0_05\jre\bin\zip.dll
0x000007fefd630000 - 0x000007fefe3b8000 	C:\Windows\system32\SHELL32.dll
0x000007feff450000 - 0x000007feff653000 	C:\Windows\system32\ole32.dll
0x000007fefd260000 - 0x000007fefd26f000 	C:\Windows\system32\profapi.dll
0x000007fee3830000 - 0x000007fee3955000 	C:\Windows\system32\dbghelp.dll

VM Arguments:
jvm_args: -Xmx1024M -Dfile.encoding=windows-1252 -Duser.country=US -Duser.language=en -Duser.variant 
java_command: com.android.dx.command.Main --dex --num-threads=4 --output C:\Users\Chathura\Downloads\android-testing-master\EarTrainer\app\build\intermediates\pre-dexed\debug\classes-c54968adfca23f3ab874a846c5fbbbc493619354.jar C:\Users\Chathura\Downloads\android-testing-master\EarTrainer\app\build\intermediates\exploded-aar\com.android.support\appcompat-v7\23.0.0\jars\classes.jar
java_class_path (initial): G:\Users\Chathura\AppData\Local\Android\sdk\build-tools\23.0.0\lib\dx.jar
Launcher Type: SUN_STANDARD

Environment Variables:
JAVA_HOME=C:\Program Files\Java\jdk1.8.0_05
PATH=C:\Program Files\Common Files\Microsoft Shared\Windows Live;C:\Program Files (x86)\HP SimplePass 2011\x64;C:\Program Files (x86)\HP SimplePass 2011\;C:\Windows\system32;C:\Windows;C:\Windows\System32\Wbem;C:\Windows\System32\WindowsPowerShell\v1.0\;C:\Program Files\Broadcom\Broadcom 802.11\Driver;C:\wamp\bin\php\php5.5.12;C:\ProgramData\ComposerSetup\bin;C:\Program Files\Microsoft\Web Platform Installer\;C:\Program Files (x86)\Microsoft ASP.NET\ASP.NET Web Pages\v1.0\;C:\Program Files\Microsoft SQL Server\110\Tools\Binn\;C:\Program Files (x86)\Microsoft SQL Server\100\Tools\Binn\;C:\Program Files\Microsoft SQL Server\100\Tools\Binn\;C:\Program Files\Microsoft SQL Server\100\DTS\Binn\;C:\Program Files\nodejs\;C:\Program Files (x86)\Windows Kits\8.0\Windows Performance Toolkit\;C:\Program Files\Common Files\Microsoft Shared\Windows Live;C:\Program Files\Java\jdk1.8.0_05\bin;C:\Users\Chathura\AppData\Roaming\npm;C:\Program Files\nodejs
USERNAME=Chathura
OS=Windows_NT
PROCESSOR_IDENTIFIER=Intel64 Family 6 Model 42 Stepping 7, GenuineIntel



---------------  S Y S T E M  ---------------

OS: Windows 7 , 64 bit Build 7601 Service Pack 1

CPU:total 8 (4 cores per cpu, 2 threads per core) family 6 model 42 stepping 7, cmov, cx8, fxsr, mmx, sse, sse2, sse3, ssse3, sse4.1, sse4.2, popcnt, avx, aes, clmul, ht, tsc, tscinvbit

Memory: 4k page, physical 4140912k(841976k free), swap 8279968k(2693728k free)

vm_info: Java HotSpot(TM) 64-Bit Server VM (25.5-b02) for windows-amd64 JRE (1.8.0_05-b13), built on Mar 18 2014 01:08:39 by "java_re" with MS VC++ 10.0 (VS2010)

time: Sun Aug 23 12:46:51 2015
elapsed time: 34 seconds

