#
# A fatal error has been detected by the Java Runtime Environment:
#
#  EXCEPTION_ACCESS_VIOLATION (0xc0000005) at pc=0x0000000059550f81, pid=936, tid=5532
#
# JRE version: Java(TM) SE Runtime Environment (8.0_05-b13) (build 1.8.0_05-b13)
# Java VM: Java HotSpot(TM) 64-Bit Server VM (25.5-b02 mixed mode windows-amd64 compressed oops)
# Problematic frame:
# V  [jvm.dll+0x100f81]
#
# Failed to write core dump. Minidumps are not enabled by default on client versions of Windows
#
# If you would like to submit a bug report, please visit:
#   http://bugreport.sun.com/bugreport/crash.jsp
#

---------------  T H R E A D  ---------------

Current thread (0x0000000002185800):  GCTaskThread [stack: 0x00000000123f0000,0x00000000124f0000] [id=5532]

siginfo: ExceptionCode=0xc0000005, reading address 0x00000000d0f5fa90

Registers:
RAX=0x00000000128a0000, RBX=0x00000000d0f5fa88, RCX=0x0000000000000000, RDX=0x0000000000000001
RSP=0x00000000124ef930, RBP=0x00000000f222c69c, RSI=0x0000000000000003, RDI=0x00000000021fb940
R8 =0x0000000000087afd, R9 =0x0000000000000003, R10=0x000000000000000c, R11=0x0000000000002090
R12=0x00000000f222c6a0, R13=0x0000000014b324e0, R14=0x0000000014b324e8, R15=0x00000000f222c678
RIP=0x0000000059550f81, EFLAGS=0x0000000000010202

Top of Stack: (sp=0x00000000124ef930)
0x00000000124ef930:   00000000f222c6a0 00000000f222c690
0x00000000124ef940:   0000000000000003 00000000021fb940
0x00000000124ef950:   0000000000000000 0000000002186120
0x00000000124ef960:   000000000217c6a0 00000000f1e055a0
0x00000000124ef970:   0000000000002090 0000000059817920
0x00000000124ef980:   00000000562804c0 0000000000001e00
0x00000000124ef990:   00000000021fb940 0000000059a59678
0x00000000124ef9a0:   00002b7300001fcd 00002b7400001fcd
0x00000000124ef9b0:   0000000000000000 00000000f1e055a0
0x00000000124ef9c0:   0000000000001e00 000000005954fbf5
0x00000000124ef9d0:   000000005627ff60 00000000124efa89
0x00000000124ef9e0:   0000000000000000 000000000217c6a0
0x00000000124ef9f0:   0000000002186130 0000000002186120
0x00000000124efa00:   0000000059a59678 00000000021fb940
0x00000000124efa10:   0000000000000000 00000000124efa89
0x00000000124efa20:   00000000021b5700 0000000059814a31 

Instructions: (pc=0x0000000059550f81)
0x0000000059550f61:   48 8b 05 78 04 6b 00 4a 8b 0c c0 48 0f a3 d1 0f
0x0000000059550f71:   82 59 01 00 00 0f b6 15 7c 73 6a 00 84 d2 74 16
0x0000000059550f81:   44 8b 43 08 8b 0d cd 22 64 00 49 d3 e0 4c 03 05
0x0000000059550f91:   bb 22 64 00 eb 04 4c 8b 43 08 45 8b 48 08 45 85 


Register to memory mapping:

RAX=0x00000000128a0000 is an unknown value
RBX=0x00000000d0f5fa88 is an unallocated location in the heap
RCX=0x0000000000000000 is an unknown value
RDX=0x0000000000000001 is an unknown value
RSP=0x00000000124ef930 is an unknown value
RBP=0x00000000f222c69c is an unknown value
RSI=0x0000000000000003 is an unknown value
RDI=0x00000000021fb940 is an unknown value
R8 =0x0000000000087afd is an unknown value
R9 =0x0000000000000003 is an unknown value
R10=0x000000000000000c is an unknown value
R11=0x0000000000002090 is an unknown value
R12=0x00000000f222c6a0 is an oop
com.android.dx.rop.code.RegisterSpecList 
 - klass: 'com/android/dx/rop/code/RegisterSpecList'
R13=0x0000000014b324e0 is an unknown value
R14=0x0000000014b324e8 is an unknown value
R15=0x00000000f222c678 is an oop
com.android.dx.dex.code.CstInsn 
 - klass: 'com/android/dx/dex/code/CstInsn'


Stack: [0x00000000123f0000,0x00000000124f0000],  sp=0x00000000124ef930,  free space=1022k
Native frames: (J=compiled Java code, j=interpreted, Vv=VM code, C=native code)
V  [jvm.dll+0x100f81]
V  [jvm.dll+0x3c7920]
V  [jvm.dll+0x3c4a31]
V  [jvm.dll+0x3c253e]
V  [jvm.dll+0x27baca]
C  [msvcr100.dll+0x21d9f]
C  [msvcr100.dll+0x21e3b]
C  [kernel32.dll+0x159ed]
C  [ntdll.dll+0x2c541]


---------------  P R O C E S S  ---------------

Java Threads: ( => current thread )
  0x00000000567d5800 JavaThread "pool-1-thread-4" [_thread_blocked, id=10380, stack(0x0000000058b50000,0x0000000058c50000)]
  0x00000000567d3000 JavaThread "pool-1-thread-3" [_thread_blocked, id=11192, stack(0x0000000058a40000,0x0000000058b40000)]
  0x00000000567c4000 JavaThread "pool-1-thread-2" [_thread_blocked, id=4892, stack(0x00000000587c0000,0x00000000588c0000)]
  0x00000000567c3000 JavaThread "pool-2-thread-1" [_thread_blocked, id=5044, stack(0x0000000057690000,0x0000000057790000)]
  0x00000000567c0000 JavaThread "pool-1-thread-1" [_thread_blocked, id=5912, stack(0x00000000586c0000,0x00000000587c0000)]
  0x00000000565af800 JavaThread "Service Thread" daemon [_thread_blocked, id=10372, stack(0x0000000058450000,0x0000000058550000)]
  0x0000000056552000 JavaThread "C1 CompilerThread3" daemon [_thread_blocked, id=7108, stack(0x0000000058170000,0x0000000058270000)]
  0x000000005654a000 JavaThread "C2 CompilerThread2" daemon [_thread_blocked, id=2356, stack(0x0000000058270000,0x0000000058370000)]
  0x0000000056548800 JavaThread "C2 CompilerThread1" daemon [_thread_blocked, id=10280, stack(0x0000000058040000,0x0000000058140000)]
  0x0000000056544000 JavaThread "C2 CompilerThread0" daemon [_thread_blocked, id=5808, stack(0x0000000057e90000,0x0000000057f90000)]
  0x0000000056541000 JavaThread "Attach Listener" daemon [_thread_blocked, id=9572, stack(0x0000000057ce0000,0x0000000057de0000)]
  0x000000005653f000 JavaThread "Signal Dispatcher" daemon [_thread_blocked, id=10628, stack(0x0000000057b30000,0x0000000057c30000)]
  0x0000000055484000 JavaThread "Finalizer" daemon [_thread_blocked, id=9584, stack(0x00000000579c0000,0x0000000057ac0000)]
  0x00000000021ff000 JavaThread "Reference Handler" daemon [_thread_blocked, id=6880, stack(0x00000000577e0000,0x00000000578e0000)]
  0x000000000220e800 JavaThread "main" [_thread_blocked, id=2692, stack(0x0000000002290000,0x0000000002390000)]

Other Threads:
  0x00000000021fc000 VMThread [stack: 0x0000000057590000,0x0000000057690000] [id=10888]
  0x00000000565d2000 WatcherThread [stack: 0x00000000585b0000,0x00000000586b0000] [id=10376]

=>0x0000000002185800 (exited) GCTaskThread [stack: 0x00000000123f0000,0x00000000124f0000] [id=5532]

VM state:at safepoint (normal execution)

VM Mutex/Monitor currently owned by a thread:  ([mutex/lock_event])
[0x000000000220c970] Threads_lock - owner thread: 0x00000000021fc000
[0x000000000220ce70] Heap_lock - owner thread: 0x00000000567c4000

Heap:
 PSYoungGen      total 145920K, used 56575K [0x00000000eab00000, 0x00000000f9400000, 0x0000000100000000)
  eden space 79360K, 0% used [0x00000000eab00000,0x00000000eab00000,0x00000000ef880000)
  from space 66560K, 84% used [0x00000000ef880000,0x00000000f2fbffb8,0x00000000f3980000)
  to   space 73728K, 0% used [0x00000000f4c00000,0x00000000f4c00000,0x00000000f9400000)
 ParOldGen       total 166912K, used 146051K [0x00000000c0000000, 0x00000000ca300000, 0x00000000eab00000)
  object space 166912K, 87% used [0x00000000c0000000,0x00000000c8ea0fb0,0x00000000ca300000)
 Metaspace       used 5819K, capacity 6898K, committed 7040K, reserved 1056768K
  class space    used 598K, capacity 618K, committed 640K, reserved 1048576K

Card table byte_map: [0x0000000011a20000,0x0000000011c30000] byte_map_base: 0x0000000011420000

Marking Bits: (ParMarkBitMap*) 0x0000000059c013b0
 Begin Bits: [0x00000000128a0000, 0x00000000138a0000)
 End Bits:   [0x00000000138a0000, 0x00000000148a0000)

Polling page: 0x0000000000330000

CodeCache: size=245760Kb used=8653Kb max_used=8664Kb free=237106Kb
 bounds [0x0000000002660000, 0x0000000002ee0000, 0x0000000011660000]
 total_blobs=2103 nmethods=1839 adapters=178
 compilation: enabled

Compilation events (10 events):
Event: 47.113 Thread 0x0000000056552000 1946       3       com.android.dx.cf.code.Simulator$SimVisitor::<init> (23 bytes)
Event: 47.114 Thread 0x0000000056552000 nmethod 1946 0x0000000002eac290 code [0x0000000002eac400, 0x0000000002eac5f0]
Event: 47.114 Thread 0x0000000056552000 1954   !   3       com.android.dx.cf.code.BasicBlocker::doit (156 bytes)
Event: 47.115 Thread 0x0000000056544000 nmethod 1950 0x0000000002eaa710 code [0x0000000002eaa860, 0x0000000002eaab38]
Event: 47.116 Thread 0x0000000056552000 nmethod 1954 0x0000000002ed6650 code [0x0000000002ed68e0, 0x0000000002ed7b98]
Event: 47.117 Thread 0x000000005654a000 1958       4       com.android.dx.rop.type.StdTypeList::get (9 bytes)
Event: 47.118 Thread 0x000000005654a000 nmethod 1958 0x0000000002eaa3d0 code [0x0000000002eaa520, 0x0000000002eaa5d8]
Event: 47.120 Thread 0x0000000056548800 1960       4       com.android.dx.cf.code.Simulator$SimVisitor::visitNoArgs (2108 bytes)
Event: 47.139 Thread 0x0000000056544000 1961       4       com.android.dx.rop.cst.TypedConstant::getBasicFrameType (8 bytes)
Event: 47.140 Thread 0x0000000056544000 nmethod 1961 0x0000000002eaa110 code [0x0000000002eaa260, 0x0000000002eaa2f8]

GC Heap History (10 events):
Event: 40.084 GC heap after
Heap after GC invocations=33 (full 8):
 PSYoungGen      total 130560K, used 0K [0x00000000eab00000, 0x00000000f6800000, 0x0000000100000000)
  eden space 72704K, 0% used [0x00000000eab00000,0x00000000eab00000,0x00000000ef200000)
  from space 57856K, 0% used [0x00000000ef200000,0x00000000ef200000,0x00000000f2a80000)
  to   space 54784K, 0% used [0x00000000f3280000,0x00000000f3280000,0x00000000f6800000)
 ParOldGen       total 166912K, used 121993K [0x00000000c0000000, 0x00000000ca300000, 0x00000000eab00000)
  object space 166912K, 73% used [0x00000000c0000000,0x00000000c77227a0,0x00000000ca300000)
 Metaspace       used 5788K, capacity 6898K, committed 7040K, reserved 1056768K
  class space    used 597K, capacity 618K, committed 640K, reserved 1048576K
}
Event: 40.364 GC heap before
{Heap before GC invocations=34 (full 8):
 PSYoungGen      total 130560K, used 72703K [0x00000000eab00000, 0x00000000f6800000, 0x0000000100000000)
  eden space 72704K, 99% used [0x00000000eab00000,0x00000000ef1ffc00,0x00000000ef200000)
  from space 57856K, 0% used [0x00000000ef200000,0x00000000ef200000,0x00000000f2a80000)
  to   space 54784K, 0% used [0x00000000f3280000,0x00000000f3280000,0x00000000f6800000)
 ParOldGen       total 166912K, used 121993K [0x00000000c0000000, 0x00000000ca300000, 0x00000000eab00000)
  object space 166912K, 73% used [0x00000000c0000000,0x00000000c77227a0,0x00000000ca300000)
 Metaspace       used 5788K, capacity 6898K, committed 7040K, reserved 1056768K
  class space    used 597K, capacity 618K, committed 640K, reserved 1048576K
Event: 41.457 GC heap after
Heap after GC invocations=34 (full 8):
 PSYoungGen      total 134144K, used 41736K [0x00000000eab00000, 0x00000000f6f80000, 0x0000000100000000)
  eden space 79360K, 0% used [0x00000000eab00000,0x00000000eab00000,0x00000000ef880000)
  from space 54784K, 76% used [0x00000000f3280000,0x00000000f5b421b0,0x00000000f6800000)
  to   space 59392K, 0% used [0x00000000ef880000,0x00000000ef880000,0x00000000f3280000)
 ParOldGen       total 166912K, used 121993K [0x00000000c0000000, 0x00000000ca300000, 0x00000000eab00000)
  object space 166912K, 73% used [0x00000000c0000000,0x00000000c77227a0,0x00000000ca300000)
 Metaspace       used 5788K, capacity 6898K, committed 7040K, reserved 1056768K
  class space    used 597K, capacity 618K, committed 640K, reserved 1048576K
}
Event: 42.628 GC heap before
{Heap before GC invocations=35 (full 8):
 PSYoungGen      total 134144K, used 121096K [0x00000000eab00000, 0x00000000f6f80000, 0x0000000100000000)
  eden space 79360K, 100% used [0x00000000eab00000,0x00000000ef880000,0x00000000ef880000)
  from space 54784K, 76% used [0x00000000f3280000,0x00000000f5b421b0,0x00000000f6800000)
  to   space 59392K, 0% used [0x00000000ef880000,0x00000000ef880000,0x00000000f3280000)
 ParOldGen       total 166912K, used 121993K [0x00000000c0000000, 0x00000000ca300000, 0x00000000eab00000)
  object space 166912K, 73% used [0x00000000c0000000,0x00000000c77227a0,0x00000000ca300000)
 Metaspace       used 5788K, capacity 6898K, committed 7040K, reserved 1056768K
  class space    used 597K, capacity 618K, committed 640K, reserved 1048576K
Event: 43.549 GC heap after
Heap after GC invocations=35 (full 8):
 PSYoungGen      total 138752K, used 21737K [0x00000000eab00000, 0x00000000f7000000, 0x0000000100000000)
  eden space 79360K, 0% used [0x00000000eab00000,0x00000000eab00000,0x00000000ef880000)
  from space 59392K, 36% used [0x00000000ef880000,0x00000000f0dba670,0x00000000f3280000)
  to   space 55808K, 0% used [0x00000000f3980000,0x00000000f3980000,0x00000000f7000000)
 ParOldGen       total 166912K, used 121993K [0x00000000c0000000, 0x00000000ca300000, 0x00000000eab00000)
  object space 166912K, 73% used [0x00000000c0000000,0x00000000c77227a0,0x00000000ca300000)
 Metaspace       used 5788K, capacity 6898K, committed 7040K, reserved 1056768K
  class space    used 597K, capacity 618K, committed 640K, reserved 1048576K
}
Event: 44.857 GC heap before
{Heap before GC invocations=36 (full 8):
 PSYoungGen      total 138752K, used 101097K [0x00000000eab00000, 0x00000000f7000000, 0x0000000100000000)
  eden space 79360K, 100% used [0x00000000eab00000,0x00000000ef880000,0x00000000ef880000)
  from space 59392K, 36% used [0x00000000ef880000,0x00000000f0dba670,0x00000000f3280000)
  to   space 55808K, 0% used [0x00000000f3980000,0x00000000f3980000,0x00000000f7000000)
 ParOldGen       total 166912K, used 121993K [0x00000000c0000000, 0x00000000ca300000, 0x00000000eab00000)
  object space 166912K, 73% used [0x00000000c0000000,0x00000000c77227a0,0x00000000ca300000)
 Metaspace       used 5788K, capacity 6898K, committed 7040K, reserved 1056768K
  class space    used 597K, capacity 618K, committed 640K, reserved 1048576K
Event: 46.058 GC heap after
Heap after GC invocations=36 (full 8):
 PSYoungGen      total 135168K, used 55785K [0x00000000eab00000, 0x00000000f8580000, 0x0000000100000000)
  eden space 79360K, 0% used [0x00000000eab00000,0x00000000eab00000,0x00000000ef880000)
  from space 55808K, 99% used [0x00000000f3980000,0x00000000f6ffa630,0x00000000f7000000)
  to   space 66560K, 0% used [0x00000000ef880000,0x00000000ef880000,0x00000000f3980000)
 ParOldGen       total 166912K, used 126193K [0x00000000c0000000, 0x00000000ca300000, 0x00000000eab00000)
  object space 166912K, 75% used [0x00000000c0000000,0x00000000c7b3c7a0,0x00000000ca300000)
 Metaspace       used 5788K, capacity 6898K, committed 7040K, reserved 1056768K
  class space    used 597K, capacity 618K, committed 640K, reserved 1048576K
}
Event: 47.142 GC heap before
{Heap before GC invocations=37 (full 8):
 PSYoungGen      total 135168K, used 135145K [0x00000000eab00000, 0x00000000f8580000, 0x0000000100000000)
  eden space 79360K, 100% used [0x00000000eab00000,0x00000000ef880000,0x00000000ef880000)
  from space 55808K, 99% used [0x00000000f3980000,0x00000000f6ffa630,0x00000000f7000000)
  to   space 66560K, 0% used [0x00000000ef880000,0x00000000ef880000,0x00000000f3980000)
 ParOldGen       total 166912K, used 126193K [0x00000000c0000000, 0x00000000ca300000, 0x00000000eab00000)
  object space 166912K, 75% used [0x00000000c0000000,0x00000000c7b3c7a0,0x00000000ca300000)
 Metaspace       used 5819K, capacity 6898K, committed 7040K, reserved 1056768K
  class space    used 598K, capacity 618K, committed 640K, reserved 1048576K
Event: 48.168 GC heap after
Heap after GC invocations=37 (full 8):
 PSYoungGen      total 145920K, used 56575K [0x00000000eab00000, 0x00000000f9400000, 0x0000000100000000)
  eden space 79360K, 0% used [0x00000000eab00000,0x00000000eab00000,0x00000000ef880000)
  from space 66560K, 84% used [0x00000000ef880000,0x00000000f2fbffb8,0x00000000f3980000)
  to   space 73728K, 0% used [0x00000000f4c00000,0x00000000f4c00000,0x00000000f9400000)
 ParOldGen       total 166912K, used 146051K [0x00000000c0000000, 0x00000000ca300000, 0x00000000eab00000)
  object space 166912K, 87% used [0x00000000c0000000,0x00000000c8ea0fb0,0x00000000ca300000)
 Metaspace       used 5819K, capacity 6898K, committed 7040K, reserved 1056768K
  class space    used 598K, capacity 618K, committed 640K, reserved 1048576K
}
Event: 48.168 GC heap before
{Heap before GC invocations=38 (full 9):
 PSYoungGen      total 145920K, used 56575K [0x00000000eab00000, 0x00000000f9400000, 0x0000000100000000)
  eden space 79360K, 0% used [0x00000000eab00000,0x00000000eab00000,0x00000000ef880000)
  from space 66560K, 84% used [0x00000000ef880000,0x00000000f2fbffb8,0x00000000f3980000)
  to   space 73728K, 0% used [0x00000000f4c00000,0x00000000f4c00000,0x00000000f9400000)
 ParOldGen       total 166912K, used 146051K [0x00000000c0000000, 0x00000000ca300000, 0x00000000eab00000)
  object space 166912K, 87% used [0x00000000c0000000,0x00000000c8ea0fb0,0x00000000ca300000)
 Metaspace       used 5819K, capacity 6898K, committed 7040K, reserved 1056768K
  class space    used 598K, capacity 618K, committed 640K, reserved 1048576K

Deoptimization events (10 events):
Event: 35.342 Thread 0x00000000567c0000 Uncommon trap: reason=predicate action=maybe_recompile pc=0x0000000002e3152c method=com.android.dx.ssa.SsaConverter.placePhiFunctions(Lcom/android/dx/ssa/SsaMethod;Lcom/android/dx/ssa/LocalVariableInfo;I)V @ 274
Event: 36.940 Thread 0x00000000567c0000 Uncommon trap: reason=unreached action=reinterpret pc=0x0000000002b30098 method=java.util.HashMap.resize()[Ljava/util/HashMap$Node; @ 206
Event: 41.481 Thread 0x00000000567d5800 Uncommon trap: reason=class_check action=maybe_recompile pc=0x0000000002d21910 method=com.android.dx.ssa.SsaConverter.placePhiFunctions(Lcom/android/dx/ssa/SsaMethod;Lcom/android/dx/ssa/LocalVariableInfo;I)V @ 257
Event: 41.652 Thread 0x00000000567c4000 Uncommon trap: reason=class_check action=maybe_recompile pc=0x0000000002d66c14 method=com.android.dx.ssa.SsaConverter.placePhiFunctions(Lcom/android/dx/ssa/SsaMethod;Lcom/android/dx/ssa/LocalVariableInfo;I)V @ 257
Event: 46.592 Thread 0x00000000567d3000 Uncommon trap: reason=class_check action=maybe_recompile pc=0x0000000002d16e74 method=com.android.dx.ssa.SCCP.setLatticeValueTo(IILcom/android/dx/rop/cst/Constant;)Z @ 43
Event: 47.110 Thread 0x00000000567d3000 Uncommon trap: reason=class_check action=maybe_recompile pc=0x0000000002df53f8 method=com.android.dx.cf.code.Simulator$SimVisitor.visitNoArgs(IIILcom/android/dx/rop/type/Type;)V @ 1148
Event: 47.110 Thread 0x00000000567d3000 Uncommon trap: reason=class_check action=maybe_recompile pc=0x0000000002df53f8 method=com.android.dx.cf.code.Simulator$SimVisitor.visitNoArgs(IIILcom/android/dx/rop/type/Type;)V @ 1148
Event: 47.110 Thread 0x00000000567d3000 Uncommon trap: reason=class_check action=maybe_recompile pc=0x0000000002df53f8 method=com.android.dx.cf.code.Simulator$SimVisitor.visitNoArgs(IIILcom/android/dx/rop/type/Type;)V @ 1148
Event: 47.110 Thread 0x00000000567d3000 Uncommon trap: reason=class_check action=maybe_recompile pc=0x0000000002df53f8 method=com.android.dx.cf.code.Simulator$SimVisitor.visitNoArgs(IIILcom/android/dx/rop/type/Type;)V @ 1148
Event: 47.116 Thread 0x00000000567d3000 Uncommon trap: reason=bimorphic action=maybe_recompile pc=0x0000000002dbc0f8 method=com.android.dx.cf.code.BytecodeArray.parseInstruction(ILcom/android/dx/cf/code/BytecodeArray$Visitor;)I @ 2484

Internal exceptions (10 events):
Event: 3.602 Thread 0x00000000567c0000 Exception <a 'java/security/PrivilegedActionException'> (0x00000000eb227118) thrown at [D:\re\workspace\8-2-build-windows-amd64-cygwin\jdk8u5\2488\hotspot\src\share\vm\prims\jvm.cpp, line 1248]
Event: 4.204 Thread 0x00000000567d5800 Implicit null exception at 0x0000000002875992 to 0x0000000002875a82
Event: 12.548 Thread 0x000000000220e800 Exception <a 'java/security/PrivilegedActionException'> (0x00000000eb2c0998) thrown at [D:\re\workspace\8-2-build-windows-amd64-cygwin\jdk8u5\2488\hotspot\src\share\vm\prims\jvm.cpp, line 1248]
Event: 12.581 Thread 0x000000000220e800 Exception <a 'java/security/PrivilegedActionException'> (0x00000000eb3f8460) thrown at [D:\re\workspace\8-2-build-windows-amd64-cygwin\jdk8u5\2488\hotspot\src\share\vm\prims\jvm.cpp, line 1248]
Event: 12.636 Thread 0x000000000220e800 Exception <a 'java/security/PrivilegedActionException'> (0x00000000eb487418) thrown at [D:\re\workspace\8-2-build-windows-amd64-cygwin\jdk8u5\2488\hotspot\src\share\vm\prims\jvm.cpp, line 1248]
Event: 17.236 Thread 0x00000000567c4000 Exception <a 'java/security/PrivilegedActionException'> (0x00000000ec896888) thrown at [D:\re\workspace\8-2-build-windows-amd64-cygwin\jdk8u5\2488\hotspot\src\share\vm\prims\jvm.cpp, line 1248]
Event: 18.130 Thread 0x00000000567d5800 Exception <a 'java/lang/ArrayIndexOutOfBoundsException': 18> (0x00000000eb37f960) thrown at [D:\re\workspace\8-2-build-windows-amd64-cygwin\jdk8u5\2488\hotspot\src\share\vm\interpreter\interpreterRuntime.cpp, line 337]
Event: 18.130 Thread 0x00000000567d5800 Exception <a 'java/lang/ArrayIndexOutOfBoundsException': 145> (0x00000000eb3813f8) thrown at [D:\re\workspace\8-2-build-windows-amd64-cygwin\jdk8u5\2488\hotspot\src\share\vm\interpreter\interpreterRuntime.cpp, line 337]
Event: 18.132 Thread 0x00000000567d5800 Exception <a 'java/lang/ArrayIndexOutOfBoundsException'> (0x00000000eb382610) thrown at [D:\re\workspace\8-2-build-windows-amd64-cygwin\jdk8u5\2488\hotspot\src\share\vm\runtime\sharedRuntime.cpp, line 595]
Event: 47.112 Thread 0x000000000220e800 Exception <a 'java/security/PrivilegedActionException'> (0x00000000eea04b38) thrown at [D:\re\workspace\8-2-build-windows-amd64-cygwin\jdk8u5\2488\hotspot\src\share\vm\prims\jvm.cpp, line 1248]

Events (10 events):
Event: 47.110 Thread 0x00000000567d3000 DEOPT UNPACKING pc=0x00000000026a55af sp=0x0000000058b3e7a0 mode 2
Event: 47.110 Thread 0x00000000567d3000 Uncommon trap: trap_request=0xffffffde fr.pc=0x0000000002df53f8
Event: 47.110 Thread 0x00000000567d3000 DEOPT PACKING pc=0x0000000002df53f8 sp=0x0000000058b3e810
Event: 47.110 Thread 0x00000000567d3000 DEOPT UNPACKING pc=0x00000000026a55af sp=0x0000000058b3e7a0 mode 2
Event: 47.112 loading class com/android/dx/cf/attrib/AttLocalVariableTypeTable
Event: 47.112 loading class com/android/dx/cf/attrib/AttLocalVariableTypeTable done
Event: 47.116 Thread 0x00000000567d3000 Uncommon trap: trap_request=0xffffffc6 fr.pc=0x0000000002dbc0f8
Event: 47.116 Thread 0x00000000567d3000 DEOPT PACKING pc=0x0000000002dbc0f8 sp=0x0000000058b3e6a0
Event: 47.116 Thread 0x00000000567d3000 DEOPT UNPACKING pc=0x00000000026a55af sp=0x0000000058b3e638 mode 2
Event: 47.142 Executing VM operation: ParallelGCFailedAllocation


Dynamic libraries:
0x000000013fd50000 - 0x000000013fd84000 	C:\Program Files\Java\jdk1.8.0_05\bin\java.exe
0x00000000774a0000 - 0x0000000077649000 	C:\Windows\SYSTEM32\ntdll.dll
0x0000000077380000 - 0x000000007749f000 	C:\Windows\system32\kernel32.dll
0x000007fefd2b0000 - 0x000007fefd31c000 	C:\Windows\system32\KERNELBASE.dll
0x000007fefe760000 - 0x000007fefe83b000 	C:\Windows\system32\ADVAPI32.dll
0x000007feff3b0000 - 0x000007feff44f000 	C:\Windows\system32\msvcrt.dll
0x000007fefecc0000 - 0x000007fefecdf000 	C:\Windows\SYSTEM32\sechost.dll
0x000007fefee50000 - 0x000007fefef7d000 	C:\Windows\system32\RPCRT4.dll
0x0000000077280000 - 0x000000007737a000 	C:\Windows\system32\USER32.dll
0x000007feff000000 - 0x000007feff067000 	C:\Windows\system32\GDI32.dll
0x000007fefd620000 - 0x000007fefd62e000 	C:\Windows\system32\LPK.dll
0x000007fefed80000 - 0x000007fefee49000 	C:\Windows\system32\USP10.dll
0x000007fefbe10000 - 0x000007fefc004000 	C:\Windows\WinSxS\amd64_microsoft.windows.common-controls_6595b64144ccf1df_6.0.7601.17514_none_fa396087175ac9ac\COMCTL32.dll
0x000007fefef80000 - 0x000007fefeff1000 	C:\Windows\system32\SHLWAPI.dll
0x000007fefe730000 - 0x000007fefe75e000 	C:\Windows\system32\IMM32.DLL
0x000007fefebb0000 - 0x000007fefecb9000 	C:\Windows\system32\MSCTF.dll
0x000000005b860000 - 0x000000005b932000 	C:\Program Files\Java\jdk1.8.0_05\jre\bin\msvcr100.dll
0x0000000059450000 - 0x0000000059c7a000 	C:\Program Files\Java\jdk1.8.0_05\jre\bin\server\jvm.dll
0x000007feece50000 - 0x000007feece59000 	C:\Windows\system32\WSOCK32.dll
0x000007feff360000 - 0x000007feff3ad000 	C:\Windows\system32\WS2_32.dll
0x000007feff7a0000 - 0x000007feff7a8000 	C:\Windows\system32\NSI.dll
0x000007fefb250000 - 0x000007fefb28b000 	C:\Windows\system32\WINMM.dll
0x0000000077670000 - 0x0000000077677000 	C:\Windows\system32\PSAPI.DLL
0x0000000074a90000 - 0x0000000074a9f000 	C:\Program Files\Java\jdk1.8.0_05\jre\bin\verify.dll
0x000000005d360000 - 0x000000005d388000 	C:\Program Files\Java\jdk1.8.0_05\jre\bin\java.dll
0x0000000074a70000 - 0x0000000074a86000 	C:\Program Files\Java\jdk1.8.0_05\jre\bin\zip.dll
0x000007fefd630000 - 0x000007fefe3b8000 	C:\Windows\system32\SHELL32.dll
0x000007feff450000 - 0x000007feff653000 	C:\Windows\system32\ole32.dll
0x000007fefd260000 - 0x000007fefd26f000 	C:\Windows\system32\profapi.dll
0x000007fee3830000 - 0x000007fee3955000 	C:\Windows\system32\dbghelp.dll

VM Arguments:
jvm_args: -Xmx1024M -Dfile.encoding=windows-1252 -Duser.country=US -Duser.language=en -Duser.variant 
java_command: com.android.dx.command.Main --dex --num-threads=4 --output C:\Users\Chathura\Downloads\android-testing-master\EarTrainer\app\build\intermediates\pre-dexed\debug\classes-1d69dda5a54a4ef4dbb091fa9ea9eff5a3479234.jar C:\Users\Chathura\Downloads\android-testing-master\EarTrainer\app\build\intermediates\exploded-aar\com.google.android.gms\play-services-analytics\7.8.0\jars\classes.jar
java_class_path (initial): G:\Users\Chathura\AppData\Local\Android\sdk\build-tools\23.0.0\lib\dx.jar
Launcher Type: SUN_STANDARD

Environment Variables:
JAVA_HOME=C:\Program Files\Java\jdk1.8.0_05
PATH=C:\Program Files\Common Files\Microsoft Shared\Windows Live;C:\Program Files (x86)\HP SimplePass 2011\x64;C:\Program Files (x86)\HP SimplePass 2011\;C:\Windows\system32;C:\Windows;C:\Windows\System32\Wbem;C:\Windows\System32\WindowsPowerShell\v1.0\;C:\Program Files\Broadcom\Broadcom 802.11\Driver;C:\wamp\bin\php\php5.5.12;C:\ProgramData\ComposerSetup\bin;C:\Program Files\Microsoft\Web Platform Installer\;C:\Program Files (x86)\Microsoft ASP.NET\ASP.NET Web Pages\v1.0\;C:\Program Files\Microsoft SQL Server\110\Tools\Binn\;C:\Program Files (x86)\Microsoft SQL Server\100\Tools\Binn\;C:\Program Files\Microsoft SQL Server\100\Tools\Binn\;C:\Program Files\Microsoft SQL Server\100\DTS\Binn\;C:\Program Files\nodejs\;C:\Program Files (x86)\Windows Kits\8.0\Windows Performance Toolkit\;C:\Program Files\Common Files\Microsoft Shared\Windows Live;C:\Program Files\Java\jdk1.8.0_05\bin;C:\Users\Chathura\AppData\Roaming\npm;C:\Program Files\nodejs
USERNAME=Chathura
OS=Windows_NT
PROCESSOR_IDENTIFIER=Intel64 Family 6 Model 42 Stepping 7, GenuineIntel



---------------  S Y S T E M  ---------------

OS: Windows 7 , 64 bit Build 7601 Service Pack 1

CPU:total 8 (4 cores per cpu, 2 threads per core) family 6 model 42 stepping 7, cmov, cx8, fxsr, mmx, sse, sse2, sse3, ssse3, sse4.1, sse4.2, popcnt, avx, aes, clmul, ht, tsc, tscinvbit

Memory: 4k page, physical 4140912k(426876k free), swap 8279968k(1448432k free)

vm_info: Java HotSpot(TM) 64-Bit Server VM (25.5-b02) for windows-amd64 JRE (1.8.0_05-b13), built on Mar 18 2014 01:08:39 by "java_re" with MS VC++ 10.0 (VS2010)

time: Sun Aug 23 12:46:10 2015
elapsed time: 48 seconds

