#
# A fatal error has been detected by the Java Runtime Environment:
#
#  EXCEPTION_ACCESS_VIOLATION (0xc0000005) at pc=0x0000000002841394, pid=8172, tid=12268
#
# JRE version: Java(TM) SE Runtime Environment (8.0_05-b13) (build 1.8.0_05-b13)
# Java VM: Java HotSpot(TM) 64-Bit Server VM (25.5-b02 mixed mode windows-amd64 compressed oops)
# Problematic frame:
# v  ~BufferBlob::I2C/C2I adapters
#
# Failed to write core dump. Minidumps are not enabled by default on client versions of Windows
#
# If you would like to submit a bug report, please visit:
#   http://bugreport.sun.com/bugreport/crash.jsp
#

---------------  T H R E A D  ---------------

Current thread (0x00000000022ee800):  JavaThread "main" [_thread_in_Java, id=12268, stack(0x0000000002420000,0x0000000002520000)]

siginfo: ExceptionCode=0xc0000005, reading address 0xffffffffffffffff

Registers:
RAX=0x0000000002f0a7d0, RBX=0x0000000055478340, RCX=0x1000000002800780, RDX=0x00000000eba71018
RSP=0x000000000251ebc0, RBP=0x00000000eba70fe8, RSI=0x0000000014dfc6b8, RDI=0x00000000eba70fe8
R8 =0x00000000c0b236a8, R9 =0x0000000000000300, R10=0x0000000000000001, R11=0x000000000000001e
R12=0x0000000000000000, R13=0x000000000251ebf0, R14=0x000000000000000f, R15=0x00000000022ee800
RIP=0x0000000002841394, EFLAGS=0x0000000000010206

Top of Stack: (sp=0x000000000251ebc0)
0x000000000251ebc0:   0000000002f0a7d0 00000000eba70fe8
0x000000000251ebd0:   000027a200000300 00000000c0b236a8
0x000000000251ebe0:   00000000eba71018 0000000002f0a7d0
0x000000000251ebf0:   00000000c0b236a8 0000001000000300
0x000000000251ec00:   00000000eba71018 000000000000000f
0x000000000251ec10:   0000000014e92dd8 0000000100001072
0x000000000251ec20:   00000000c0b421d8 7fffffff00000002
0x000000000251ec30:   00000000c16e22f8 00000000ffffff82
0x000000000251ec40:   000000000000001e 0000000002e472d4
0x000000000251ec50:   00000000c16e22f8 0000000002f8bbe4
0x000000000251ec60:   0000000000000001 00000000c16e22f8
0x000000000251ec70:   000000000000001e 0000000000000088
0x000000000251ec80:   000000000000000f 00000000eba70e20
0x000000000251ec90:   00000000c16bd768 00000000eba70ea8
0x000000000251eca0:   0000000014e8c678 0000000014dfc6b8
0x000000000251ecb0:   000000000000000a 00000000eba70fc0 

Instructions: (pc=0x0000000002841394)
0x0000000002841374:   48 83 ec 30 48 89 04 24 48 89 54 24 20 4c 89 44
0x0000000002841384:   24 18 44 89 4c 24 10 48 89 7c 24 08 48 8b 4b 30
0x0000000002841394:   ff e1 f4 f4 00 00 00 00 00 00 00 00 00 00 00 00
0x00000000028413a4:   00 00 00 00 00 00 00 00 00 00 00 00 00 00 00 00 


Register to memory mapping:

RAX=0x0000000002f0a7d0 is at entry_point+720 in (nmethod*)0x0000000002f0a310
RBX=0x0000000055478340 is an unknown value
RCX=0x1000000002800780 is an unknown value
RDX=0x00000000eba71018 is an oop
com.android.dx.io.instructions.FillArrayDataPayloadDecodedInstruction 
 - klass: 'com/android/dx/io/instructions/FillArrayDataPayloadDecodedInstruction'
RSP=0x000000000251ebc0 is pointing into the stack for thread: 0x00000000022ee800
RBP=0x00000000eba70fe8 is an oop
[S 
 - klass: {type array short}
 - length: 16
RSI=0x0000000014dfc6b8 is an unknown value
RDI=0x00000000eba70fe8 is an oop
[S 
 - klass: {type array short}
 - length: 16
R8 =0x00000000c0b236a8 is an oop
com.android.dx.io.instructions.InstructionCodec$34 
 - klass: 'com/android/dx/io/instructions/InstructionCodec$34'
R9 =0x0000000000000300 is an unknown value
R10=0x0000000000000001 is an unknown value
R11=0x000000000000001e is an unknown value
R12=0x0000000000000000 is an unknown value
R13=0x000000000251ebf0 is pointing into the stack for thread: 0x00000000022ee800
R14=0x000000000000000f is an unknown value
R15=0x00000000022ee800 is a thread


Stack: [0x0000000002420000,0x0000000002520000],  sp=0x000000000251ebc0,  free space=1018k
Native frames: (J=compiled Java code, j=interpreted, Vv=VM code, C=native code)
C  0x0000000002841394


---------------  P R O C E S S  ---------------

Java Threads: ( => current thread )
  0x000000005691e000 JavaThread "Service Thread" daemon [_thread_blocked, id=9868, stack(0x0000000058650000,0x0000000058750000)]
  0x000000005689e000 JavaThread "C1 CompilerThread3" daemon [_thread_blocked, id=9696, stack(0x00000000584b0000,0x00000000585b0000)]
  0x00000000557de800 JavaThread "C2 CompilerThread2" daemon [_thread_blocked, id=10064, stack(0x0000000057920000,0x0000000057a20000)]
  0x00000000557db000 JavaThread "C2 CompilerThread1" daemon [_thread_blocked, id=10412, stack(0x0000000058330000,0x0000000058430000)]
  0x0000000056887800 JavaThread "C2 CompilerThread0" daemon [_thread_blocked, id=7284, stack(0x0000000058140000,0x0000000058240000)]
  0x0000000056886800 JavaThread "Attach Listener" daemon [_thread_blocked, id=2988, stack(0x0000000057f50000,0x0000000058050000)]
  0x0000000056884800 JavaThread "Signal Dispatcher" daemon [_thread_blocked, id=12272, stack(0x0000000057de0000,0x0000000057ee0000)]
  0x00000000557ce800 JavaThread "Finalizer" daemon [_thread_blocked, id=1548, stack(0x0000000057bb0000,0x0000000057cb0000)]
  0x00000000557c3800 JavaThread "Reference Handler" daemon [_thread_blocked, id=7716, stack(0x0000000057a20000,0x0000000057b20000)]
=>0x00000000022ee800 JavaThread "main" [_thread_in_Java, id=12268, stack(0x0000000002420000,0x0000000002520000)]

Other Threads:
  0x0000000056833800 VMThread [stack: 0x00000000577a0000,0x00000000578a0000] [id=9968]
  0x0000000056923000 WatcherThread [stack: 0x00000000588f0000,0x00000000589f0000] [id=12892]

VM state:not at safepoint (normal execution)

VM Mutex/Monitor currently owned by a thread: None

Heap:
 PSYoungGen      total 131584K, used 16011K [0x00000000eab00000, 0x00000000f6180000, 0x0000000100000000)
  eden space 102400K, 15% used [0x00000000eab00000,0x00000000ebaa2ea8,0x00000000f0f00000)
  from space 29184K, 0% used [0x00000000f3080000,0x00000000f3080000,0x00000000f4d00000)
  to   space 34304K, 0% used [0x00000000f0f00000,0x00000000f0f00000,0x00000000f3080000)
 ParOldGen       total 58880K, used 23586K [0x00000000c0000000, 0x00000000c3980000, 0x00000000eab00000)
  object space 58880K, 40% used [0x00000000c0000000,0x00000000c1708908,0x00000000c3980000)
 Metaspace       used 7136K, capacity 7678K, committed 7936K, reserved 1056768K
  class space    used 732K, capacity 753K, committed 768K, reserved 1048576K

Card table byte_map: [0x0000000011bb0000,0x0000000011dc0000] byte_map_base: 0x00000000115b0000

Marking Bits: (ParMarkBitMap*) 0x00000000623f13b0
 Begin Bits: [0x0000000012be0000, 0x0000000013be0000)
 End Bits:   [0x0000000013be0000, 0x0000000014be0000)

Polling page: 0x0000000000130000

CodeCache: size=245760Kb used=8091Kb max_used=8122Kb free=237669Kb
 bounds [0x00000000027f0000, 0x0000000003000000, 0x00000000117f0000]
 total_blobs=2782 nmethods=2492 adapters=204
 compilation: enabled

Compilation events (10 events):
Event: 3.324 Thread 0x000000005689e000 nmethod 2498 0x0000000002f9a850 code [0x0000000002f9a9c0, 0x0000000002f9abc8]
Event: 3.342 Thread 0x00000000557db000 2499       4       java.util.ComparableTimSort::mergeHi (729 bytes)
Event: 3.342 Thread 0x00000000557de800 2500       4       java.util.ComparableTimSort::mergeLo (656 bytes)
Event: 3.400 Thread 0x0000000056887800 2502       4       com.android.dx.merge.DexMerger$IdMerger::mergeUnsorted (247 bytes)
Event: 3.402 Thread 0x000000005689e000 2503       3       com.android.dx.merge.DexMerger::transformAnnotationSets (51 bytes)
Event: 3.403 Thread 0x000000005689e000 nmethod 2503 0x0000000002fc29d0 code [0x0000000002fc2b60, 0x0000000002fc3018]
Event: 3.428 Thread 0x00000000557db000 nmethod 2499 0x0000000002fd61d0 code [0x0000000002fd63c0, 0x0000000002fd8438]
Event: 3.429 Thread 0x00000000557db000 2504       4       com.android.dx.merge.DexMerger::transformAnnotationDirectory (239 bytes)
Event: 3.429 Thread 0x00000000557de800 nmethod 2500 0x0000000002fcf710 code [0x0000000002fcf900, 0x0000000002fd17f8]
Event: 3.446 Thread 0x0000000056887800 nmethod 2502 0x0000000002fd98d0 code [0x0000000002fd9ba0, 0x0000000002fdb160]

GC Heap History (10 events):
Event: 2.807 GC heap before
{Heap before GC invocations=25 (full 3):
 PSYoungGen      total 111104K, used 13816K [0x00000000eab00000, 0x00000000f3780000, 0x0000000100000000)
  eden space 97280K, 0% used [0x00000000eab00000,0x00000000eab00000,0x00000000f0a00000)
  from space 13824K, 99% used [0x00000000f2a00000,0x00000000f377e050,0x00000000f3780000)
  to   space 16384K, 0% used [0x00000000f1780000,0x00000000f1780000,0x00000000f2780000)
 ParOldGen       total 39424K, used 35723K [0x00000000c0000000, 0x00000000c2680000, 0x00000000eab00000)
  object space 39424K, 90% used [0x00000000c0000000,0x00000000c22e2db8,0x00000000c2680000)
 Metaspace       used 7135K, capacity 7678K, committed 7936K, reserved 1056768K
  class space    used 732K, capacity 753K, committed 768K, reserved 1048576K
Event: 2.845 GC heap after
Heap after GC invocations=25 (full 3):
 PSYoungGen      total 111104K, used 0K [0x00000000eab00000, 0x00000000f3780000, 0x0000000100000000)
  eden space 97280K, 0% used [0x00000000eab00000,0x00000000eab00000,0x00000000f0a00000)
  from space 13824K, 0% used [0x00000000f2a00000,0x00000000f2a00000,0x00000000f3780000)
  to   space 16384K, 0% used [0x00000000f1780000,0x00000000f1780000,0x00000000f2780000)
 ParOldGen       total 49664K, used 26303K [0x00000000c0000000, 0x00000000c3080000, 0x00000000eab00000)
  object space 49664K, 52% used [0x00000000c0000000,0x00000000c19afeb8,0x00000000c3080000)
 Metaspace       used 7135K, capacity 7678K, committed 7936K, reserved 1056768K
  class space    used 732K, capacity 753K, committed 768K, reserved 1048576K
}
Event: 3.046 GC heap before
{Heap before GC invocations=26 (full 3):
 PSYoungGen      total 111104K, used 97280K [0x00000000eab00000, 0x00000000f3780000, 0x0000000100000000)
  eden space 97280K, 100% used [0x00000000eab00000,0x00000000f0a00000,0x00000000f0a00000)
  from space 13824K, 0% used [0x00000000f2a00000,0x00000000f2a00000,0x00000000f3780000)
  to   space 16384K, 0% used [0x00000000f1780000,0x00000000f1780000,0x00000000f2780000)
 ParOldGen       total 49664K, used 26303K [0x00000000c0000000, 0x00000000c3080000, 0x00000000eab00000)
  object space 49664K, 52% used [0x00000000c0000000,0x00000000c19afeb8,0x00000000c3080000)
 Metaspace       used 7136K, capacity 7678K, committed 7936K, reserved 1056768K
  class space    used 732K, capacity 753K, committed 768K, reserved 1048576K
Event: 3.058 GC heap after
Heap after GC invocations=26 (full 3):
 PSYoungGen      total 123904K, used 16354K [0x00000000eab00000, 0x00000000f4d00000, 0x0000000100000000)
  eden space 107520K, 0% used [0x00000000eab00000,0x00000000eab00000,0x00000000f1400000)
  from space 16384K, 99% used [0x00000000f1780000,0x00000000f2778a70,0x00000000f2780000)
  to   space 29184K, 0% used [0x00000000f3080000,0x00000000f3080000,0x00000000f4d00000)
 ParOldGen       total 55296K, used 54379K [0x00000000c0000000, 0x00000000c3600000, 0x00000000eab00000)
  object space 55296K, 98% used [0x00000000c0000000,0x00000000c351ae80,0x00000000c3600000)
 Metaspace       used 7136K, capacity 7678K, committed 7936K, reserved 1056768K
  class space    used 732K, capacity 753K, committed 768K, reserved 1048576K
}
Event: 3.058 GC heap before
{Heap before GC invocations=27 (full 4):
 PSYoungGen      total 123904K, used 16354K [0x00000000eab00000, 0x00000000f4d00000, 0x0000000100000000)
  eden space 107520K, 0% used [0x00000000eab00000,0x00000000eab00000,0x00000000f1400000)
  from space 16384K, 99% used [0x00000000f1780000,0x00000000f2778a70,0x00000000f2780000)
  to   space 29184K, 0% used [0x00000000f3080000,0x00000000f3080000,0x00000000f4d00000)
 ParOldGen       total 55296K, used 54379K [0x00000000c0000000, 0x00000000c3600000, 0x00000000eab00000)
  object space 55296K, 98% used [0x00000000c0000000,0x00000000c351ae80,0x00000000c3600000)
 Metaspace       used 7136K, capacity 7678K, committed 7936K, reserved 1056768K
  class space    used 732K, capacity 753K, committed 768K, reserved 1048576K
Event: 3.094 GC heap after
Heap after GC invocations=27 (full 4):
 PSYoungGen      total 123904K, used 0K [0x00000000eab00000, 0x00000000f4d00000, 0x0000000100000000)
  eden space 107520K, 0% used [0x00000000eab00000,0x00000000eab00000,0x00000000f1400000)
  from space 16384K, 0% used [0x00000000f1780000,0x00000000f1780000,0x00000000f2780000)
  to   space 29184K, 0% used [0x00000000f3080000,0x00000000f3080000,0x00000000f4d00000)
 ParOldGen       total 57344K, used 25209K [0x00000000c0000000, 0x00000000c3800000, 0x00000000eab00000)
  object space 57344K, 43% used [0x00000000c0000000,0x00000000c189e6e8,0x00000000c3800000)
 Metaspace       used 7136K, capacity 7678K, committed 7936K, reserved 1056768K
  class space    used 732K, capacity 753K, committed 768K, reserved 1048576K
}
Event: 3.344 GC heap before
{Heap before GC invocations=28 (full 4):
 PSYoungGen      total 123904K, used 107520K [0x00000000eab00000, 0x00000000f4d00000, 0x0000000100000000)
  eden space 107520K, 100% used [0x00000000eab00000,0x00000000f1400000,0x00000000f1400000)
  from space 16384K, 0% used [0x00000000f1780000,0x00000000f1780000,0x00000000f2780000)
  to   space 29184K, 0% used [0x00000000f3080000,0x00000000f3080000,0x00000000f4d00000)
 ParOldGen       total 57344K, used 25209K [0x00000000c0000000, 0x00000000c3800000, 0x00000000eab00000)
  object space 57344K, 43% used [0x00000000c0000000,0x00000000c189e6e8,0x00000000c3800000)
 Metaspace       used 7136K, capacity 7678K, committed 7936K, reserved 1056768K
  class space    used 732K, capacity 753K, committed 768K, reserved 1048576K
Event: 3.354 GC heap after
Heap after GC invocations=28 (full 4):
 PSYoungGen      total 131584K, used 28152K [0x00000000eab00000, 0x00000000f6180000, 0x0000000100000000)
  eden space 102400K, 0% used [0x00000000eab00000,0x00000000eab00000,0x00000000f0f00000)
  from space 29184K, 96% used [0x00000000f3080000,0x00000000f4bfe2c8,0x00000000f4d00000)
  to   space 34304K, 0% used [0x00000000f0f00000,0x00000000f0f00000,0x00000000f3080000)
 ParOldGen       total 57344K, used 41361K [0x00000000c0000000, 0x00000000c3800000, 0x00000000eab00000)
  object space 57344K, 72% used [0x00000000c0000000,0x00000000c2864490,0x00000000c3800000)
 Metaspace       used 7136K, capacity 7678K, committed 7936K, reserved 1056768K
  class space    used 732K, capacity 753K, committed 768K, reserved 1048576K
}
Event: 3.354 GC heap before
{Heap before GC invocations=29 (full 5):
 PSYoungGen      total 131584K, used 28152K [0x00000000eab00000, 0x00000000f6180000, 0x0000000100000000)
  eden space 102400K, 0% used [0x00000000eab00000,0x00000000eab00000,0x00000000f0f00000)
  from space 29184K, 96% used [0x00000000f3080000,0x00000000f4bfe2c8,0x00000000f4d00000)
  to   space 34304K, 0% used [0x00000000f0f00000,0x00000000f0f00000,0x00000000f3080000)
 ParOldGen       total 57344K, used 41361K [0x00000000c0000000, 0x00000000c3800000, 0x00000000eab00000)
  object space 57344K, 72% used [0x00000000c0000000,0x00000000c2864490,0x00000000c3800000)
 Metaspace       used 7136K, capacity 7678K, committed 7936K, reserved 1056768K
  class space    used 732K, capacity 753K, committed 768K, reserved 1048576K
Event: 3.379 GC heap after
Heap after GC invocations=29 (full 5):
 PSYoungGen      total 131584K, used 0K [0x00000000eab00000, 0x00000000f6180000, 0x0000000100000000)
  eden space 102400K, 0% used [0x00000000eab00000,0x00000000eab00000,0x00000000f0f00000)
  from space 29184K, 0% used [0x00000000f3080000,0x00000000f3080000,0x00000000f4d00000)
  to   space 34304K, 0% used [0x00000000f0f00000,0x00000000f0f00000,0x00000000f3080000)
 ParOldGen       total 58880K, used 23586K [0x00000000c0000000, 0x00000000c3980000, 0x00000000eab00000)
  object space 58880K, 40% used [0x00000000c0000000,0x00000000c1708908,0x00000000c3980000)
 Metaspace       used 7136K, capacity 7678K, committed 7936K, reserved 1056768K
  class space    used 732K, capacity 753K, committed 768K, reserved 1048576K
}

Deoptimization events (10 events):
Event: 2.889 Thread 0x00000000022ee800 Uncommon trap: reason=array_check action=maybe_recompile pc=0x0000000002f9f92c method=java.util.ComparableTimSort.binarySort([Ljava/lang/Object;III)V @ 193
Event: 2.928 Thread 0x00000000022ee800 Uncommon trap: reason=class_check action=maybe_recompile pc=0x0000000002f99f2c method=com.android.dx.io.instructions.InstructionCodec$32.encode(Lcom/android/dx/io/instructions/DecodedInstruction;Lcom/android/dx/io/instructions/CodeOutput;)V @ 12
Event: 2.928 Thread 0x00000000022ee800 Uncommon trap: reason=class_check action=maybe_recompile pc=0x0000000002f99f2c method=com.android.dx.io.instructions.InstructionCodec$32.encode(Lcom/android/dx/io/instructions/DecodedInstruction;Lcom/android/dx/io/instructions/CodeOutput;)V @ 12
Event: 2.928 Thread 0x00000000022ee800 Uncommon trap: reason=class_check action=maybe_recompile pc=0x0000000002f99f2c method=com.android.dx.io.instructions.InstructionCodec$32.encode(Lcom/android/dx/io/instructions/DecodedInstruction;Lcom/android/dx/io/instructions/CodeOutput;)V @ 12
Event: 2.928 Thread 0x00000000022ee800 Uncommon trap: reason=class_check action=maybe_recompile pc=0x0000000002f99f2c method=com.android.dx.io.instructions.InstructionCodec$32.encode(Lcom/android/dx/io/instructions/DecodedInstruction;Lcom/android/dx/io/instructions/CodeOutput;)V @ 12
Event: 3.003 Thread 0x00000000022ee800 Uncommon trap: reason=array_check action=maybe_recompile pc=0x0000000002f9f92c method=java.util.ComparableTimSort.binarySort([Ljava/lang/Object;III)V @ 193
Event: 3.217 Thread 0x00000000022ee800 Uncommon trap: reason=unreached action=reinterpret pc=0x0000000002f31270 method=java.util.HashMap$TreeNode.balanceInsertion(Ljava/util/HashMap$TreeNode;Ljava/util/HashMap$TreeNode;)Ljava/util/HashMap$TreeNode; @ 189
Event: 3.217 Thread 0x00000000022ee800 Uncommon trap: reason=unreached action=reinterpret pc=0x0000000002f05a98 method=java.util.HashMap$TreeNode.balanceInsertion(Ljava/util/HashMap$TreeNode;Ljava/util/HashMap$TreeNode;)Ljava/util/HashMap$TreeNode; @ 189
Event: 3.217 Thread 0x00000000022ee800 Uncommon trap: reason=unreached action=reinterpret pc=0x0000000002fa11cc method=java.util.HashMap$TreeNode.balanceInsertion(Ljava/util/HashMap$TreeNode;Ljava/util/HashMap$TreeNode;)Ljava/util/HashMap$TreeNode; @ 189
Event: 3.325 Thread 0x00000000022ee800 Uncommon trap: reason=array_check action=maybe_recompile pc=0x0000000002f9f92c method=java.util.ComparableTimSort.binarySort([Ljava/lang/Object;III)V @ 193

Internal exceptions (10 events):
Event: 1.042 Thread 0x00000000022ee800 Exception <a 'java/security/PrivilegedActionException'> (0x00000000eb7fcce8) thrown at [D:\re\workspace\8-2-build-windows-amd64-cygwin\jdk8u5\2488\hotspot\src\share\vm\prims\jvm.cpp, line 1248]
Event: 1.042 Thread 0x00000000022ee800 Exception <a 'java/security/PrivilegedActionException'> (0x00000000eb7fffd8) thrown at [D:\re\workspace\8-2-build-windows-amd64-cygwin\jdk8u5\2488\hotspot\src\share\vm\prims\jvm.cpp, line 1248]
Event: 1.042 Thread 0x00000000022ee800 Exception <a 'java/security/PrivilegedActionException'> (0x00000000eb803398) thrown at [D:\re\workspace\8-2-build-windows-amd64-cygwin\jdk8u5\2488\hotspot\src\share\vm\prims\jvm.cpp, line 1248]
Event: 1.044 Thread 0x00000000022ee800 Exception <a 'java/security/PrivilegedActionException'> (0x00000000eb807000) thrown at [D:\re\workspace\8-2-build-windows-amd64-cygwin\jdk8u5\2488\hotspot\src\share\vm\prims\jvm.cpp, line 1248]
Event: 1.044 Thread 0x00000000022ee800 Exception <a 'java/security/PrivilegedActionException'> (0x00000000eb80a0c8) thrown at [D:\re\workspace\8-2-build-windows-amd64-cygwin\jdk8u5\2488\hotspot\src\share\vm\prims\jvm.cpp, line 1248]
Event: 1.044 Thread 0x00000000022ee800 Exception <a 'java/security/PrivilegedActionException'> (0x00000000eb80d350) thrown at [D:\re\workspace\8-2-build-windows-amd64-cygwin\jdk8u5\2488\hotspot\src\share\vm\prims\jvm.cpp, line 1248]
Event: 1.045 Thread 0x00000000022ee800 Exception <a 'java/security/PrivilegedActionException'> (0x00000000eb810a30) thrown at [D:\re\workspace\8-2-build-windows-amd64-cygwin\jdk8u5\2488\hotspot\src\share\vm\prims\jvm.cpp, line 1248]
Event: 1.047 Thread 0x00000000022ee800 Exception <a 'java/security/PrivilegedActionException'> (0x00000000eb817e70) thrown at [D:\re\workspace\8-2-build-windows-amd64-cygwin\jdk8u5\2488\hotspot\src\share\vm\prims\jvm.cpp, line 1248]
Event: 1.047 Thread 0x00000000022ee800 Exception <a 'java/security/PrivilegedActionException'> (0x00000000eb81a2a8) thrown at [D:\re\workspace\8-2-build-windows-amd64-cygwin\jdk8u5\2488\hotspot\src\share\vm\prims\jvm.cpp, line 1248]
Event: 1.256 Thread 0x00000000022ee800 Exception <a 'java/security/PrivilegedActionException'> (0x00000000eba87530) thrown at [D:\re\workspace\8-2-build-windows-amd64-cygwin\jdk8u5\2488\hotspot\src\share\vm\prims\jvm.cpp, line 1248]

Events (10 events):
Event: 3.325 Thread 0x00000000022ee800 DEOPT PACKING pc=0x0000000002f9f92c sp=0x000000000251ecb0
Event: 3.325 Thread 0x00000000022ee800 DEOPT UNPACKING pc=0x00000000028355af sp=0x000000000251ec58 mode 2
Event: 3.342 Thread 0x00000000022ee800 DEOPT PACKING pc=0x0000000002ebac8f sp=0x000000000251eae0
Event: 3.342 Thread 0x00000000022ee800 DEOPT UNPACKING pc=0x0000000002837604 sp=0x000000000251e860 mode 0
Event: 3.344 Executing VM operation: ParallelGCFailedAllocation
Event: 3.379 Executing VM operation: ParallelGCFailedAllocation done
Event: 3.399 Thread 0x00000000022ee800 DEOPT PACKING pc=0x0000000002ebac8f sp=0x000000000251eab0
Event: 3.399 Thread 0x00000000022ee800 DEOPT UNPACKING pc=0x0000000002837604 sp=0x000000000251e830 mode 0
Event: 3.400 Thread 0x00000000022ee800 DEOPT PACKING pc=0x0000000002f8e935 sp=0x000000000251edc0
Event: 3.400 Thread 0x00000000022ee800 DEOPT UNPACKING pc=0x0000000002837604 sp=0x000000000251eb78 mode 0


Dynamic libraries:
0x000000013fd00000 - 0x000000013fd34000 	C:\Program Files\Java\jdk1.8.0_05\bin\java.exe
0x0000000077570000 - 0x0000000077719000 	C:\Windows\SYSTEM32\ntdll.dll
0x0000000077350000 - 0x000000007746f000 	C:\Windows\system32\kernel32.dll
0x000007fefd530000 - 0x000007fefd59c000 	C:\Windows\system32\KERNELBASE.dll
0x000007feff7a0000 - 0x000007feff87b000 	C:\Windows\system32\ADVAPI32.dll
0x000007fefef30000 - 0x000007fefefcf000 	C:\Windows\system32\msvcrt.dll
0x000007fefd7d0000 - 0x000007fefd7ef000 	C:\Windows\SYSTEM32\sechost.dll
0x000007fefed60000 - 0x000007fefee8d000 	C:\Windows\system32\RPCRT4.dll
0x0000000077470000 - 0x000000007756a000 	C:\Windows\system32\USER32.dll
0x000007feff260000 - 0x000007feff2c7000 	C:\Windows\system32\GDI32.dll
0x000007fefebc0000 - 0x000007fefebce000 	C:\Windows\system32\LPK.dll
0x000007feff2d0000 - 0x000007feff399000 	C:\Windows\system32\USP10.dll
0x000007fefbc10000 - 0x000007fefbe04000 	C:\Windows\WinSxS\amd64_microsoft.windows.common-controls_6595b64144ccf1df_6.0.7601.17514_none_fa396087175ac9ac\COMCTL32.dll
0x000007fefece0000 - 0x000007fefed51000 	C:\Windows\system32\SHLWAPI.dll
0x000007fefeb90000 - 0x000007fefebbe000 	C:\Windows\system32\IMM32.DLL
0x000007fefebd0000 - 0x000007fefecd9000 	C:\Windows\system32\MSCTF.dll
0x0000000070840000 - 0x0000000070912000 	C:\Program Files\Java\jdk1.8.0_05\jre\bin\msvcr100.dll
0x0000000061c40000 - 0x000000006246a000 	C:\Program Files\Java\jdk1.8.0_05\jre\bin\server\jvm.dll
0x000007fef0fc0000 - 0x000007fef0fc9000 	C:\Windows\system32\WSOCK32.dll
0x000007fefe870000 - 0x000007fefe8bd000 	C:\Windows\system32\WS2_32.dll
0x000007feff3a0000 - 0x000007feff3a8000 	C:\Windows\system32\NSI.dll
0x000007fefb230000 - 0x000007fefb26b000 	C:\Windows\system32\WINMM.dll
0x0000000077730000 - 0x0000000077737000 	C:\Windows\system32\PSAPI.DLL
0x0000000074b60000 - 0x0000000074b6f000 	C:\Program Files\Java\jdk1.8.0_05\jre\bin\verify.dll
0x0000000074740000 - 0x0000000074768000 	C:\Program Files\Java\jdk1.8.0_05\jre\bin\java.dll
0x0000000074b40000 - 0x0000000074b56000 	C:\Program Files\Java\jdk1.8.0_05\jre\bin\zip.dll
0x000007fefdae0000 - 0x000007fefe868000 	C:\Windows\system32\SHELL32.dll
0x000007feff590000 - 0x000007feff793000 	C:\Windows\system32\ole32.dll
0x000007fefd340000 - 0x000007fefd34f000 	C:\Windows\system32\profapi.dll
0x000007fee3ec0000 - 0x000007fee3fe5000 	C:\Windows\system32\dbghelp.dll

VM Arguments:
jvm_args: -Xmx1024M -Dfile.encoding=windows-1252 -Duser.country=US -Duser.language=en -Duser.variant 
java_command: com.android.dx.command.Main --dex --num-threads=4 --output C:\Users\Chathura\Downloads\android-testing-master\EarTrainer\app\build\intermediates\dex\debug C:\Users\Chathura\Downloads\android-testing-master\EarTrainer\app\build\intermediates\classes\debug C:\Users\Chathura\Downloads\android-testing-master\EarTrainer\app\build\intermediates\pre-dexed\debug\support-annotations-23.0.0-f443d238197af3b1bfd464959c79244c20e1e96d.jar C:\Users\Chathura\Downloads\android-testing-master\EarTrainer\app\build\intermediates\pre-dexed\debug\classes-7c902f031d9ede149ab48257da7e28c316ae6d95.jar C:\Users\Chathura\Downloads\android-testing-master\EarTrainer\app\build\intermediates\pre-dexed\debug\internal_impl-22.2.0-ffb7b47cf0ca2cdc0f1087fd3569cfa5b36815a0.jar C:\Users\Chathura\Downloads\android-testing-master\EarTrainer\app\build\intermediates\pre-dexed\debug\classes-d3638e949eac9d3cacf7b9d87bb62ccdf0971288.jar C:\Users\Chathura\Downloads\android-testing-master\EarTrainer\app\build\intermediates\pre-dexed\debug\classes-edc058e5fea69d7b10fbd90418e3c2b5a1e760e3.jar C:\Users\Chathura\Downloads\android-testing-master\EarTrainer\app\build\intermediates\pre-dexed\debug\classes-9f626e7d7bcdd26f56b2e4611dfd53a7dbf6c9ec.jar C:\Users\Chathura\Downloads\android-testing-master\EarTrainer\app\build\intermediates\pre-dexed\debug\classes-7da0869151050a8d984edb4cb0ce77c15ecdc7c9.jar C:\Users\Chathura\Downloads\android-testing-master\EarTrainer\app\build\intermediates\pre-dexed\debug\classes-db61e85766eb747130278a07628713f0abfc9cd8.jar C:\Users\Chathura\Downloads\android-testing-master\EarTrainer\app\build\intermediates\pre-dexed\debug\classes-548d1daf3d3d9ee642860ce47fffb5df403615a9.jar C:\Users\Chathura\Downloads\android-testing-master\EarTrainer\app\build\intermediates\pre-dexed\debug\classes-735bcd3c19c5b7d1e5fee14ad6b9cec38520d72b.jar C:\Users\Chathura\Downloads\android-testing-master\EarTrainer\app\build\intermediates\pre-dexed\debug\classes-1f045c64eccc15b31e30989eab633958191e0
java_class_path (initial): G:\Users\Chathura\AppData\Local\Android\sdk\build-tools\23.0.0\lib\dx.jar
Launcher Type: SUN_STANDARD

Environment Variables:
JAVA_HOME=C:\Program Files\Java\jdk1.8.0_05
PATH=C:\Program Files\Common Files\Microsoft Shared\Windows Live;C:\Program Files (x86)\HP SimplePass 2011\x64;C:\Program Files (x86)\HP SimplePass 2011\;C:\Windows\system32;C:\Windows;C:\Windows\System32\Wbem;C:\Windows\System32\WindowsPowerShell\v1.0\;C:\Program Files\Broadcom\Broadcom 802.11\Driver;C:\wamp\bin\php\php5.5.12;C:\ProgramData\ComposerSetup\bin;C:\Program Files\Microsoft\Web Platform Installer\;C:\Program Files (x86)\Microsoft ASP.NET\ASP.NET Web Pages\v1.0\;C:\Program Files\Microsoft SQL Server\110\Tools\Binn\;C:\Program Files (x86)\Microsoft SQL Server\100\Tools\Binn\;C:\Program Files\Microsoft SQL Server\100\Tools\Binn\;C:\Program Files\Microsoft SQL Server\100\DTS\Binn\;C:\Program Files\nodejs\;C:\Program Files (x86)\Windows Kits\8.0\Windows Performance Toolkit\;C:\Program Files\Common Files\Microsoft Shared\Windows Live;C:\Program Files\Java\jdk1.8.0_05\bin;C:\Users\Chathura\AppData\Roaming\npm;C:\Program Files\nodejs
USERNAME=Chathura
OS=Windows_NT
PROCESSOR_IDENTIFIER=Intel64 Family 6 Model 42 Stepping 7, GenuineIntel



---------------  S Y S T E M  ---------------

OS: Windows 7 , 64 bit Build 7601 Service Pack 1

CPU:total 8 (4 cores per cpu, 2 threads per core) family 6 model 42 stepping 7, cmov, cx8, fxsr, mmx, sse, sse2, sse3, ssse3, sse4.1, sse4.2, popcnt, avx, aes, clmul, ht, tsc, tscinvbit

Memory: 4k page, physical 4140912k(488528k free), swap 8279968k(2446248k free)

vm_info: Java HotSpot(TM) 64-Bit Server VM (25.5-b02) for windows-amd64 JRE (1.8.0_05-b13), built on Mar 18 2014 01:08:39 by "java_re" with MS VC++ 10.0 (VS2010)

time: Sun Aug 23 01:59:35 2015
elapsed time: 3 seconds

