#
# A fatal error has been detected by the Java Runtime Environment:
#
#  EXCEPTION_ACCESS_VIOLATION (0xc0000005) at pc=0x0000000059552171, pid=7456, tid=8772
#
# JRE version: Java(TM) SE Runtime Environment (8.0_05-b13) (build 1.8.0_05-b13)
# Java VM: Java HotSpot(TM) 64-Bit Server VM (25.5-b02 mixed mode windows-amd64 compressed oops)
# Problematic frame:
# V  [jvm.dll+0x102171]
#
# Failed to write core dump. Minidumps are not enabled by default on client versions of Windows
#
# If you would like to submit a bug report, please visit:
#   http://bugreport.sun.com/bugreport/crash.jsp
#

---------------  T H R E A D  ---------------

Current thread (0x0000000002253800):  GCTaskThread [stack: 0x0000000012430000,0x0000000012530000] [id=8772]

siginfo: ExceptionCode=0xc0000005, reading address 0x00000000fca50380

Registers:
RAX=0x0000000000000101, RBX=0x00000000c12a522c, RCX=0x0000000000000000, RDX=0x00000000c12a5231
RSP=0x000000001252f840, RBP=0x00000000568e0840, RSI=0x0000000014f0ff20, RDI=0x00000000c12a522c
R8 =0x00000000fca50380, R9 =0x0000000000000005, R10=0x000000000000000c, R11=0x000000000000000c
R12=0x0000000014f0ff20, R13=0x00000000c12a5218, R14=0x0000000000000001, R15=0x0000000002245570
RIP=0x0000000059552171, EFLAGS=0x0000000000010202

Top of Stack: (sp=0x000000001252f840)
0x000000001252f840:   00000000c12a5231 00000000c12a5231
0x000000001252f850:   0000000002245550 0000000000000003
0x000000001252f860:   000000000000000d 0000000011d028f2
0x000000001252f870:   00000000c12a5218 00000000598209db
0x000000001252f880:   00000000eca50360 0000000000000004
0x000000001252f890:   00000000568e0840 00000000557aef50
0x000000001252f8a0:   00000000ee570000 0000000059820efb
0x000000001252f8b0:   00000000c12a4628 0000000000000400
0x000000001252f8c0:   0000000000000000 00000000568e0800
0x000000001252f8d0:   0000000011d028f2 0000000059820cd0
0x000000001252f8e0:   00000000c12a4e78 0000000011d02901
0x000000001252f8f0:   00000000568e0840 00000000c051e650
0x000000001252f900:   00000000c12a4e78 0000000059821685
0x000000001252f910:   00000000eca39050 0000000011d02901
0x000000001252f920:   00000000568e0840 000007fefd2b1203
0x000000001252f930:   000000001252f9e8 000007fefd2b10dc 

Instructions: (pc=0x0000000059552171)
0x0000000059552151:   8b 43 fc 48 83 eb 04 4c 3b 05 69 f3 6a 00 72 7f
0x0000000059552161:   8b 0d e1 10 64 00 49 d3 e0 4c 03 05 cf 10 64 00
0x0000000059552171:   49 8b 00 24 03 3c 03 75 56 4d 8b 00 80 3d 25 63
0x0000000059552181:   64 00 00 74 0f 41 0f b6 c0 24 07 3c 05 75 05 45 


Register to memory mapping:

RAX=0x0000000000000101 is an unknown value
RBX=0x00000000c12a522c is pointing into object: 0x00000000c12a5218
com.android.dx.rop.code.BasicBlock 
 - klass: 'com/android/dx/rop/code/BasicBlock'
RCX=0x0000000000000000 is an unknown value
RDX=0x00000000c12a5231 is pointing into object: 0x00000000c12a5218
com.android.dx.rop.code.BasicBlock 
 - klass: 'com/android/dx/rop/code/BasicBlock'
RSP=0x000000001252f840 is an unknown value
RBP=0x00000000568e0840 is an unknown value
RSI=0x0000000014f0ff20 is an unknown value
RDI=0x00000000c12a522c is pointing into object: 0x00000000c12a5218
com.android.dx.rop.code.BasicBlock 
 - klass: 'com/android/dx/rop/code/BasicBlock'
R8 =0x00000000fca50380 is an unallocated location in the heap
R9 =0x0000000000000005 is an unknown value
R10=0x000000000000000c is an unknown value
R11=0x000000000000000c is an unknown value
R12=0x0000000014f0ff20 is an unknown value
R13=0x00000000c12a5218 is an oop
com.android.dx.rop.code.BasicBlock 
 - klass: 'com/android/dx/rop/code/BasicBlock'
R14=0x0000000000000001 is an unknown value
R15=0x0000000002245570 is an unknown value


Stack: [0x0000000012430000,0x0000000012530000],  sp=0x000000001252f840,  free space=1022k
Native frames: (J=compiled Java code, j=interpreted, Vv=VM code, C=native code)
V  [jvm.dll+0x102171]
V  [jvm.dll+0x3d09db]
V  [jvm.dll+0x3d0cd0]
V  [jvm.dll+0x3d1685]
V  [jvm.dll+0x3c0c8f]
V  [jvm.dll+0x3d3622]
V  [jvm.dll+0x3c253e]
V  [jvm.dll+0x27baca]
C  [msvcr100.dll+0x21d9f]
C  [msvcr100.dll+0x21e3b]
C  [kernel32.dll+0x159ed]
C  [ntdll.dll+0x2c541]


---------------  P R O C E S S  ---------------

Java Threads: ( => current thread )
  0x0000000056bc2000 JavaThread "pool-1-thread-4" [_thread_blocked, id=7984, stack(0x0000000058ac0000,0x0000000058bc0000)]
  0x0000000056bb8000 JavaThread "pool-1-thread-3" [_thread_blocked, id=8944, stack(0x0000000058d50000,0x0000000058e50000)]
  0x0000000056bb6800 JavaThread "pool-1-thread-2" [_thread_blocked, id=9972, stack(0x0000000058bd0000,0x0000000058cd0000)]
  0x0000000056bb2800 JavaThread "pool-2-thread-1" [_thread_blocked, id=9984, stack(0x0000000058950000,0x0000000058a50000)]
  0x0000000056bb0800 JavaThread "pool-1-thread-1" [_thread_blocked, id=3776, stack(0x0000000058760000,0x0000000058860000)]
  0x00000000569a4800 JavaThread "Service Thread" daemon [_thread_blocked, id=11212, stack(0x0000000058550000,0x0000000058650000)]
  0x0000000056942800 JavaThread "C1 CompilerThread3" daemon [_thread_blocked, id=4548, stack(0x0000000058360000,0x0000000058460000)]
  0x0000000056940800 JavaThread "C2 CompilerThread2" daemon [_thread_blocked, id=4484, stack(0x0000000058210000,0x0000000058310000)]
  0x0000000056934800 JavaThread "C2 CompilerThread1" daemon [_thread_blocked, id=6172, stack(0x0000000058090000,0x0000000058190000)]
  0x0000000056930000 JavaThread "C2 CompilerThread0" daemon [_thread_in_native, id=5536, stack(0x0000000057ee0000,0x0000000057fe0000)]
  0x000000005692c800 JavaThread "Attach Listener" daemon [_thread_blocked, id=9860, stack(0x0000000057c60000,0x0000000057d60000)]
  0x000000005692a800 JavaThread "Signal Dispatcher" daemon [_thread_blocked, id=1404, stack(0x00000000578f0000,0x00000000579f0000)]
  0x0000000055879800 JavaThread "Finalizer" daemon [_thread_blocked, id=10704, stack(0x0000000057b20000,0x0000000057c20000)]
  0x00000000022cf000 JavaThread "Reference Handler" daemon [_thread_blocked, id=1976, stack(0x0000000057a10000,0x0000000057b10000)]
  0x00000000021ce800 JavaThread "main" [_thread_blocked, id=7320, stack(0x0000000002570000,0x0000000002670000)]

Other Threads:
  0x00000000022cc000 VMThread [stack: 0x0000000012330000,0x0000000012430000] [id=9348]
  0x00000000569af800 WatcherThread [stack: 0x0000000057d60000,0x0000000057e60000] [id=9448]

=>0x0000000002253800 (exited) GCTaskThread [stack: 0x0000000012430000,0x0000000012530000] [id=8772]

VM state:at safepoint (normal execution)

VM Mutex/Monitor currently owned by a thread:  ([mutex/lock_event])
[0x00000000021cc970] Threads_lock - owner thread: 0x00000000022cc000
[0x00000000021cce70] Heap_lock - owner thread: 0x0000000056bb6800

Heap:
 PSYoungGen      total 35328K, used 35296K [0x00000000eab00000, 0x00000000ee800000, 0x0000000100000000)
  eden space 31232K, 100% used [0x00000000eab00000,0x00000000ec980000,0x00000000ec980000)
  from space 4096K, 99% used [0x00000000ec980000,0x00000000ecd78010,0x00000000ecd80000)
  to   space 6144K, 84% used [0x00000000ee200000,0x00000000ee718000,0x00000000ee800000)
 ParOldGen       total 64000K, used 20545K [0x00000000c0000000, 0x00000000c3e80000, 0x00000000eab00000)
  object space 64000K, 32% used [0x00000000c0000000,0x00000000c1410638,0x00000000c3e80000)
 Metaspace       used 5853K, capacity 6960K, committed 7040K, reserved 1056768K
  class space    used 580K, capacity 616K, committed 640K, reserved 1048576K

Card table byte_map: [0x0000000011d00000,0x0000000011f10000] byte_map_base: 0x0000000011700000

Marking Bits: (ParMarkBitMap*) 0x0000000059c013b0
 Begin Bits: [0x0000000012c90000, 0x0000000013c90000)
 End Bits:   [0x0000000013c90000, 0x0000000014c90000)

Polling page: 0x0000000000130000

CodeCache: size=245760Kb used=8066Kb max_used=8066Kb free=237693Kb
 bounds [0x0000000002940000, 0x0000000003130000, 0x0000000011940000]
 total_blobs=2114 nmethods=1849 adapters=178
 compilation: enabled

Compilation events (10 events):
Event: 16.566 Thread 0x0000000056940800 1962 %     4       com.android.dx.ssa.SsaConverter::placePhiFunctions @ 131 (394 bytes)
Event: 16.566 Thread 0x0000000056942800 1963   !   3       java.util.zip.ZipFile::getInputStream (304 bytes)
Event: 16.568 Thread 0x0000000056942800 nmethod 1963 0x0000000003115910 code [0x0000000003115ba0, 0x0000000003116d38]
Event: 16.621 Thread 0x0000000056942800 1968       3       com.android.dx.dex.cf.AttributeTranslator::translateInnerClasses (356 bytes)
Event: 16.627 Thread 0x0000000056942800 nmethod 1968 0x00000000031178d0 code [0x0000000003117ee0, 0x000000000311be88]
Event: 16.627 Thread 0x0000000056942800 1969   !   3       com.android.dx.cf.cst.ConstantPoolParser::parse0 (731 bytes)
Event: 16.635 Thread 0x0000000056942800 nmethod 1969 0x000000000311e810 code [0x000000000311f160, 0x0000000003125158]
Event: 16.635 Thread 0x0000000056942800 1982       3       com.android.dx.ssa.InterferenceRegisterMapper::areAnyPinned (81 bytes)
Event: 16.636 Thread 0x0000000056942800 nmethod 1982 0x00000000030ee290 code [0x00000000030ee480, 0x00000000030ef018]
Event: 16.636 Thread 0x0000000056942800 1971       3       com.android.dx.cf.direct.StdAttributeFactory::innerClasses (383 bytes)

GC Heap History (10 events):
Event: 7.952 GC heap after
Heap after GC invocations=11 (full 0):
 PSYoungGen      total 15360K, used 2240K [0x00000000eab00000, 0x00000000ec480000, 0x0000000100000000)
  eden space 12288K, 0% used [0x00000000eab00000,0x00000000eab00000,0x00000000eb700000)
  from space 3072K, 72% used [0x00000000eb700000,0x00000000eb930000,0x00000000eba00000)
  to   space 3072K, 0% used [0x00000000ec180000,0x00000000ec180000,0x00000000ec480000)
 ParOldGen       total 64000K, used 5860K [0x00000000c0000000, 0x00000000c3e80000, 0x00000000eab00000)
  object space 64000K, 9% used [0x00000000c0000000,0x00000000c05b9290,0x00000000c3e80000)
 Metaspace       used 5698K, capacity 6832K, committed 7040K, reserved 1056768K
  class space    used 580K, capacity 616K, committed 640K, reserved 1048576K
}
Event: 9.020 GC heap before
{Heap before GC invocations=12 (full 0):
 PSYoungGen      total 15360K, used 14528K [0x00000000eab00000, 0x00000000ec480000, 0x0000000100000000)
  eden space 12288K, 100% used [0x00000000eab00000,0x00000000eb700000,0x00000000eb700000)
  from space 3072K, 72% used [0x00000000eb700000,0x00000000eb930000,0x00000000eba00000)
  to   space 3072K, 0% used [0x00000000ec180000,0x00000000ec180000,0x00000000ec480000)
 ParOldGen       total 64000K, used 5860K [0x00000000c0000000, 0x00000000c3e80000, 0x00000000eab00000)
  object space 64000K, 9% used [0x00000000c0000000,0x00000000c05b9290,0x00000000c3e80000)
 Metaspace       used 5753K, capacity 6896K, committed 7040K, reserved 1056768K
  class space    used 580K, capacity 616K, committed 640K, reserved 1048576K
Event: 9.816 GC heap after
Heap after GC invocations=12 (full 0):
 PSYoungGen      total 22528K, used 2240K [0x00000000eab00000, 0x00000000ec580000, 0x0000000100000000)
  eden space 19456K, 0% used [0x00000000eab00000,0x00000000eab00000,0x00000000ebe00000)
  from space 3072K, 72% used [0x00000000ec180000,0x00000000ec3b0010,0x00000000ec480000)
  to   space 3584K, 0% used [0x00000000ebe00000,0x00000000ebe00000,0x00000000ec180000)
 ParOldGen       total 64000K, used 7788K [0x00000000c0000000, 0x00000000c3e80000, 0x00000000eab00000)
  object space 64000K, 12% used [0x00000000c0000000,0x00000000c079b2a0,0x00000000c3e80000)
 Metaspace       used 5753K, capacity 6896K, committed 7040K, reserved 1056768K
  class space    used 580K, capacity 616K, committed 640K, reserved 1048576K
}
Event: 10.287 GC heap before
{Heap before GC invocations=13 (full 0):
 PSYoungGen      total 22528K, used 21696K [0x00000000eab00000, 0x00000000ec580000, 0x0000000100000000)
  eden space 19456K, 100% used [0x00000000eab00000,0x00000000ebe00000,0x00000000ebe00000)
  from space 3072K, 72% used [0x00000000ec180000,0x00000000ec3b0010,0x00000000ec480000)
  to   space 3584K, 0% used [0x00000000ebe00000,0x00000000ebe00000,0x00000000ec180000)
 ParOldGen       total 64000K, used 7788K [0x00000000c0000000, 0x00000000c3e80000, 0x00000000eab00000)
  object space 64000K, 12% used [0x00000000c0000000,0x00000000c079b2a0,0x00000000c3e80000)
 Metaspace       used 5786K, capacity 6896K, committed 7040K, reserved 1056768K
  class space    used 580K, capacity 616K, committed 640K, reserved 1048576K
Event: 11.284 GC heap after
Heap after GC invocations=13 (full 0):
 PSYoungGen      total 23040K, used 3136K [0x00000000eab00000, 0x00000000ed180000, 0x0000000100000000)
  eden space 19456K, 0% used [0x00000000eab00000,0x00000000eab00000,0x00000000ebe00000)
  from space 3584K, 87% used [0x00000000ebe00000,0x00000000ec110000,0x00000000ec180000)
  to   space 4096K, 0% used [0x00000000ecd80000,0x00000000ecd80000,0x00000000ed180000)
 ParOldGen       total 64000K, used 9713K [0x00000000c0000000, 0x00000000c3e80000, 0x00000000eab00000)
  object space 64000K, 15% used [0x00000000c0000000,0x00000000c097c758,0x00000000c3e80000)
 Metaspace       used 5786K, capacity 6896K, committed 7040K, reserved 1056768K
  class space    used 580K, capacity 616K, committed 640K, reserved 1048576K
}
Event: 11.430 GC heap before
{Heap before GC invocations=14 (full 0):
 PSYoungGen      total 23040K, used 22592K [0x00000000eab00000, 0x00000000ed180000, 0x0000000100000000)
  eden space 19456K, 100% used [0x00000000eab00000,0x00000000ebe00000,0x00000000ebe00000)
  from space 3584K, 87% used [0x00000000ebe00000,0x00000000ec110000,0x00000000ec180000)
  to   space 4096K, 0% used [0x00000000ecd80000,0x00000000ecd80000,0x00000000ed180000)
 ParOldGen       total 64000K, used 9713K [0x00000000c0000000, 0x00000000c3e80000, 0x00000000eab00000)
  object space 64000K, 15% used [0x00000000c0000000,0x00000000c097c758,0x00000000c3e80000)
 Metaspace       used 5797K, capacity 6960K, committed 7040K, reserved 1056768K
  class space    used 580K, capacity 616K, committed 640K, reserved 1048576K
Event: 11.495 GC heap after
Heap after GC invocations=14 (full 0):
 PSYoungGen      total 35328K, used 3232K [0x00000000eab00000, 0x00000000ed180000, 0x0000000100000000)
  eden space 31232K, 0% used [0x00000000eab00000,0x00000000eab00000,0x00000000ec980000)
  from space 4096K, 78% used [0x00000000ecd80000,0x00000000ed0a8000,0x00000000ed180000)
  to   space 4096K, 0% used [0x00000000ec980000,0x00000000ec980000,0x00000000ecd80000)
 ParOldGen       total 64000K, used 12713K [0x00000000c0000000, 0x00000000c3e80000, 0x00000000eab00000)
  object space 64000K, 19% used [0x00000000c0000000,0x00000000c0c6a798,0x00000000c3e80000)
 Metaspace       used 5797K, capacity 6960K, committed 7040K, reserved 1056768K
  class space    used 580K, capacity 616K, committed 640K, reserved 1048576K
}
Event: 12.195 GC heap before
{Heap before GC invocations=15 (full 0):
 PSYoungGen      total 35328K, used 34464K [0x00000000eab00000, 0x00000000ed180000, 0x0000000100000000)
  eden space 31232K, 100% used [0x00000000eab00000,0x00000000ec980000,0x00000000ec980000)
  from space 4096K, 78% used [0x00000000ecd80000,0x00000000ed0a8000,0x00000000ed180000)
  to   space 4096K, 0% used [0x00000000ec980000,0x00000000ec980000,0x00000000ecd80000)
 ParOldGen       total 64000K, used 12713K [0x00000000c0000000, 0x00000000c3e80000, 0x00000000eab00000)
  object space 64000K, 19% used [0x00000000c0000000,0x00000000c0c6a798,0x00000000c3e80000)
 Metaspace       used 5799K, capacity 6960K, committed 7040K, reserved 1056768K
  class space    used 580K, capacity 616K, committed 640K, reserved 1048576K
Event: 13.372 GC heap after
Heap after GC invocations=15 (full 0):
 PSYoungGen      total 35328K, used 4064K [0x00000000eab00000, 0x00000000ee800000, 0x0000000100000000)
  eden space 31232K, 0% used [0x00000000eab00000,0x00000000eab00000,0x00000000ec980000)
  from space 4096K, 99% used [0x00000000ec980000,0x00000000ecd78010,0x00000000ecd80000)
  to   space 6144K, 0% used [0x00000000ee200000,0x00000000ee200000,0x00000000ee800000)
 ParOldGen       total 64000K, used 16591K [0x00000000c0000000, 0x00000000c3e80000, 0x00000000eab00000)
  object space 64000K, 25% used [0x00000000c0000000,0x00000000c1033cf8,0x00000000c3e80000)
 Metaspace       used 5799K, capacity 6960K, committed 7040K, reserved 1056768K
  class space    used 580K, capacity 616K, committed 640K, reserved 1048576K
}
Event: 16.640 GC heap before
{Heap before GC invocations=16 (full 0):
 PSYoungGen      total 35328K, used 35296K [0x00000000eab00000, 0x00000000ee800000, 0x0000000100000000)
  eden space 31232K, 100% used [0x00000000eab00000,0x00000000ec980000,0x00000000ec980000)
  from space 4096K, 99% used [0x00000000ec980000,0x00000000ecd78010,0x00000000ecd80000)
  to   space 6144K, 0% used [0x00000000ee200000,0x00000000ee200000,0x00000000ee800000)
 ParOldGen       total 64000K, used 16591K [0x00000000c0000000, 0x00000000c3e80000, 0x00000000eab00000)
  object space 64000K, 25% used [0x00000000c0000000,0x00000000c1033cf8,0x00000000c3e80000)
 Metaspace       used 5853K, capacity 6960K, committed 7040K, reserved 1056768K
  class space    used 580K, capacity 616K, committed 640K, reserved 1048576K

Deoptimization events (10 events):
Event: 11.402 Thread 0x0000000056bb0800 Uncommon trap: reason=bimorphic action=maybe_recompile pc=0x0000000002f788bc method=com.android.dx.cf.code.RopperMachine.run(Lcom/android/dx/cf/code/Frame;II)V @ 978
Event: 12.028 Thread 0x0000000056bc2000 Uncommon trap: reason=bimorphic action=maybe_recompile pc=0x0000000002b579c4 method=java.util.HashMap.getNode(ILjava/lang/Object;)Ljava/util/HashMap$Node; @ 126
Event: 12.028 Thread 0x0000000056bc2000 Uncommon trap: reason=bimorphic action=maybe_recompile pc=0x0000000002b28308 method=java.util.HashMap.getNode(ILjava/lang/Object;)Ljava/util/HashMap$Node; @ 126
Event: 12.045 Thread 0x0000000056bc2000 Uncommon trap: reason=null_check action=make_not_entrant pc=0x0000000002d9dfec method=com.android.dx.ssa.SsaRenamer.getLocalForNewReg(I)Lcom/android/dx/rop/code/LocalItem; @ 19
Event: 12.076 Thread 0x0000000056bb8000 Uncommon trap: reason=bimorphic action=maybe_recompile pc=0x0000000002ccc380 method=java.util.HashMap.putVal(ILjava/lang/Object;Ljava/lang/Object;ZZ)Ljava/lang/Object; @ 91
Event: 12.107 Thread 0x00000000021ce800 Uncommon trap: reason=unloaded action=reinterpret pc=0x0000000002f8557c method=com.android.dx.cf.cst.ConstantPoolParser.parse0(ILjava/util/BitSet;)Lcom/android/dx/rop/cst/Constant; @ 176
Event: 12.137 Thread 0x0000000056bb8000 Uncommon trap: reason=unreached action=reinterpret pc=0x0000000002dda6b0 method=com.android.dx.ssa.MoveParamCombiner$1.visitNonMoveInsn(Lcom/android/dx/ssa/NormalSsaInsn;)V @ 27
Event: 15.158 Thread 0x0000000056bb8000 Uncommon trap: reason=bimorphic action=maybe_recompile pc=0x00000000030638dc method=com.android.dx.rop.code.Rops.opMoveResultPseudo(Lcom/android/dx/rop/type/TypeBearer;)Lcom/android/dx/rop/code/Rop; @ 7
Event: 15.242 Thread 0x0000000056bc2000 Uncommon trap: reason=unreached action=reinterpret pc=0x0000000003031b58 method=com.android.dx.cf.code.BytecodeArray.parseInstruction(ILcom/android/dx/cf/code/BytecodeArray$Visitor;)I @ 1198
Event: 15.273 Thread 0x0000000056bc2000 Uncommon trap: reason=unreached action=reinterpret pc=0x0000000003046538 method=com.android.dx.ssa.SsaRenamer.equalsHandlesNulls(Ljava/lang/Object;Ljava/lang/Object;)Z @ 2

Internal exceptions (10 events):
Event: 2.588 Thread 0x00000000021ce800 Exception <a 'java/security/PrivilegedActionException'> (0x00000000ead83258) thrown at [D:\re\workspace\8-2-build-windows-amd64-cygwin\jdk8u5\2488\hotspot\src\share\vm\prims\jvm.cpp, line 1248]
Event: 2.631 Thread 0x0000000056bb0800 Exception <a 'java/security/PrivilegedActionException'> (0x00000000eae88a68) thrown at [D:\re\workspace\8-2-build-windows-amd64-cygwin\jdk8u5\2488\hotspot\src\share\vm\prims\jvm.cpp, line 1248]
Event: 3.419 Thread 0x0000000056bc2000 Implicit null exception at 0x0000000002b63392 to 0x0000000002b63482
Event: 3.862 Thread 0x00000000021ce800 Exception <a 'java/security/PrivilegedActionException'> (0x00000000eafb1ff0) thrown at [D:\re\workspace\8-2-build-windows-amd64-cygwin\jdk8u5\2488\hotspot\src\share\vm\prims\jvm.cpp, line 1248]
Event: 3.862 Thread 0x00000000021ce800 Exception <a 'java/security/PrivilegedActionException'> (0x00000000eafb50f8) thrown at [D:\re\workspace\8-2-build-windows-amd64-cygwin\jdk8u5\2488\hotspot\src\share\vm\prims\jvm.cpp, line 1248]
Event: 3.864 Thread 0x00000000021ce800 Exception <a 'java/security/PrivilegedActionException'> (0x00000000eafbf3e8) thrown at [D:\re\workspace\8-2-build-windows-amd64-cygwin\jdk8u5\2488\hotspot\src\share\vm\prims\jvm.cpp, line 1248]
Event: 3.865 Thread 0x00000000021ce800 Exception <a 'java/security/PrivilegedActionException'> (0x00000000eafc1b08) thrown at [D:\re\workspace\8-2-build-windows-amd64-cygwin\jdk8u5\2488\hotspot\src\share\vm\prims\jvm.cpp, line 1248]
Event: 7.510 Thread 0x00000000021ce800 Exception <a 'java/security/PrivilegedActionException'> (0x00000000eb15bd30) thrown at [D:\re\workspace\8-2-build-windows-amd64-cygwin\jdk8u5\2488\hotspot\src\share\vm\prims\jvm.cpp, line 1248]
Event: 12.045 Thread 0x0000000056bc2000 Implicit null exception at 0x0000000002d9d636 to 0x0000000002d9dfd1
Event: 15.531 Thread 0x0000000056bc2000 Exception <a 'java/security/PrivilegedActionException'> (0x00000000ec139798) thrown at [D:\re\workspace\8-2-build-windows-amd64-cygwin\jdk8u5\2488\hotspot\src\share\vm\prims\jvm.cpp, line 1248]

Events (10 events):
Event: 15.273 Thread 0x0000000056bc2000 DEOPT UNPACKING pc=0x00000000029855af sp=0x0000000058bbe4c0 mode 2
Event: 15.510 Thread 0x0000000056bb0800 DEOPT PACKING pc=0x0000000002d34811 sp=0x000000005885ecf0
Event: 15.510 Thread 0x0000000056bb0800 DEOPT UNPACKING pc=0x0000000002987604 sp=0x000000005885e9d0 mode 0
Event: 15.510 Thread 0x0000000056bc2000 DEOPT PACKING pc=0x0000000002c5b927 sp=0x0000000058bbe770
Event: 15.510 Thread 0x0000000056bc2000 DEOPT UNPACKING pc=0x0000000002987604 sp=0x0000000058bbe4e0 mode 0
Event: 15.531 loading class com/android/dx/rop/code/RegisterSpec$1
Event: 15.531 loading class com/android/dx/rop/code/RegisterSpec$1 done
Event: 16.624 Thread 0x0000000056bb6800 DEOPT PACKING pc=0x0000000002d34811 sp=0x0000000058ccec90
Event: 16.624 Thread 0x0000000056bb6800 DEOPT UNPACKING pc=0x0000000002987604 sp=0x0000000058cce970 mode 0
Event: 16.640 Executing VM operation: ParallelGCFailedAllocation


Dynamic libraries:
0x000000013fd50000 - 0x000000013fd84000 	C:\Program Files\Java\jdk1.8.0_05\bin\java.exe
0x00000000774a0000 - 0x0000000077649000 	C:\Windows\SYSTEM32\ntdll.dll
0x0000000077380000 - 0x000000007749f000 	C:\Windows\system32\kernel32.dll
0x000007fefd2b0000 - 0x000007fefd31c000 	C:\Windows\system32\KERNELBASE.dll
0x000007fefe760000 - 0x000007fefe83b000 	C:\Windows\system32\ADVAPI32.dll
0x000007feff3b0000 - 0x000007feff44f000 	C:\Windows\system32\msvcrt.dll
0x000007fefecc0000 - 0x000007fefecdf000 	C:\Windows\SYSTEM32\sechost.dll
0x000007fefee50000 - 0x000007fefef7d000 	C:\Windows\system32\RPCRT4.dll
0x0000000077280000 - 0x000000007737a000 	C:\Windows\system32\USER32.dll
0x000007feff000000 - 0x000007feff067000 	C:\Windows\system32\GDI32.dll
0x000007fefd620000 - 0x000007fefd62e000 	C:\Windows\system32\LPK.dll
0x000007fefed80000 - 0x000007fefee49000 	C:\Windows\system32\USP10.dll
0x000007fefbe10000 - 0x000007fefc004000 	C:\Windows\WinSxS\amd64_microsoft.windows.common-controls_6595b64144ccf1df_6.0.7601.17514_none_fa396087175ac9ac\COMCTL32.dll
0x000007fefef80000 - 0x000007fefeff1000 	C:\Windows\system32\SHLWAPI.dll
0x000007fefe730000 - 0x000007fefe75e000 	C:\Windows\system32\IMM32.DLL
0x000007fefebb0000 - 0x000007fefecb9000 	C:\Windows\system32\MSCTF.dll
0x000000005b860000 - 0x000000005b932000 	C:\Program Files\Java\jdk1.8.0_05\jre\bin\msvcr100.dll
0x0000000059450000 - 0x0000000059c7a000 	C:\Program Files\Java\jdk1.8.0_05\jre\bin\server\jvm.dll
0x000007feece50000 - 0x000007feece59000 	C:\Windows\system32\WSOCK32.dll
0x000007feff360000 - 0x000007feff3ad000 	C:\Windows\system32\WS2_32.dll
0x000007feff7a0000 - 0x000007feff7a8000 	C:\Windows\system32\NSI.dll
0x000007fefb250000 - 0x000007fefb28b000 	C:\Windows\system32\WINMM.dll
0x0000000077670000 - 0x0000000077677000 	C:\Windows\system32\PSAPI.DLL
0x0000000074a90000 - 0x0000000074a9f000 	C:\Program Files\Java\jdk1.8.0_05\jre\bin\verify.dll
0x000000005d360000 - 0x000000005d388000 	C:\Program Files\Java\jdk1.8.0_05\jre\bin\java.dll
0x0000000074a70000 - 0x0000000074a86000 	C:\Program Files\Java\jdk1.8.0_05\jre\bin\zip.dll
0x000007fefd630000 - 0x000007fefe3b8000 	C:\Windows\system32\SHELL32.dll
0x000007feff450000 - 0x000007feff653000 	C:\Windows\system32\ole32.dll
0x000007fefd260000 - 0x000007fefd26f000 	C:\Windows\system32\profapi.dll
0x000007fee3830000 - 0x000007fee3955000 	C:\Windows\system32\dbghelp.dll

VM Arguments:
jvm_args: -Xmx1024M -Dfile.encoding=windows-1252 -Duser.country=US -Duser.language=en -Duser.variant 
java_command: com.android.dx.command.Main --dex --num-threads=4 --output C:\Users\Chathura\Downloads\android-testing-master\EarTrainer\app\build\intermediates\pre-dexed\debug\classes-1cf7ebbf796af5980ef948bb7425155c1babd8ea.jar C:\Users\Chathura\Downloads\android-testing-master\EarTrainer\app\build\intermediates\exploded-aar\com.google.android.gms\play-services-base\7.8.0\jars\classes.jar
java_class_path (initial): G:\Users\Chathura\AppData\Local\Android\sdk\build-tools\23.0.0\lib\dx.jar
Launcher Type: SUN_STANDARD

Environment Variables:
JAVA_HOME=C:\Program Files\Java\jdk1.8.0_05
PATH=C:\Program Files\Common Files\Microsoft Shared\Windows Live;C:\Program Files (x86)\HP SimplePass 2011\x64;C:\Program Files (x86)\HP SimplePass 2011\;C:\Windows\system32;C:\Windows;C:\Windows\System32\Wbem;C:\Windows\System32\WindowsPowerShell\v1.0\;C:\Program Files\Broadcom\Broadcom 802.11\Driver;C:\wamp\bin\php\php5.5.12;C:\ProgramData\ComposerSetup\bin;C:\Program Files\Microsoft\Web Platform Installer\;C:\Program Files (x86)\Microsoft ASP.NET\ASP.NET Web Pages\v1.0\;C:\Program Files\Microsoft SQL Server\110\Tools\Binn\;C:\Program Files (x86)\Microsoft SQL Server\100\Tools\Binn\;C:\Program Files\Microsoft SQL Server\100\Tools\Binn\;C:\Program Files\Microsoft SQL Server\100\DTS\Binn\;C:\Program Files\nodejs\;C:\Program Files (x86)\Windows Kits\8.0\Windows Performance Toolkit\;C:\Program Files\Common Files\Microsoft Shared\Windows Live;C:\Program Files\Java\jdk1.8.0_05\bin;C:\Users\Chathura\AppData\Roaming\npm;C:\Program Files\nodejs
USERNAME=Chathura
OS=Windows_NT
PROCESSOR_IDENTIFIER=Intel64 Family 6 Model 42 Stepping 7, GenuineIntel



---------------  S Y S T E M  ---------------

OS: Windows 7 , 64 bit Build 7601 Service Pack 1

CPU:total 8 (4 cores per cpu, 2 threads per core) family 6 model 42 stepping 7, cmov, cx8, fxsr, mmx, sse, sse2, sse3, ssse3, sse4.1, sse4.2, popcnt, avx, aes, clmul, ht, tsc, tscinvbit

Memory: 4k page, physical 4140912k(923036k free), swap 8279968k(2149868k free)

vm_info: Java HotSpot(TM) 64-Bit Server VM (25.5-b02) for windows-amd64 JRE (1.8.0_05-b13), built on Mar 18 2014 01:08:39 by "java_re" with MS VC++ 10.0 (VS2010)

time: Sun Aug 23 12:43:20 2015
elapsed time: 16 seconds

